yarn list v1.22.19
├─ @ampproject/remapping@2.2.1
│  ├─ @jridgewell/gen-mapping@^0.3.0
│  └─ @jridgewell/trace-mapping@^0.3.9
├─ @babel/code-frame@7.21.4
│  └─ @babel/highlight@^7.18.6
├─ @babel/compat-data@7.21.4
├─ @babel/core@7.21.4
│  ├─ @ampproject/remapping@^2.2.0
│  ├─ @babel/code-frame@^7.21.4
│  ├─ @babel/generator@^7.21.4
│  ├─ @babel/helper-compilation-targets@^7.21.4
│  ├─ @babel/helper-module-transforms@^7.21.2
│  ├─ @babel/helpers@^7.21.0
│  ├─ @babel/parser@^7.21.4
│  ├─ @babel/template@^7.20.7
│  ├─ @babel/traverse@^7.21.4
│  ├─ @babel/types@^7.21.4
│  ├─ convert-source-map@^1.7.0
│  ├─ debug@^4.1.0
│  ├─ gensync@^1.0.0-beta.2
│  ├─ json5@^2.2.2
│  └─ semver@^6.3.0
├─ @babel/eslint-parser@7.21.3
│  ├─ @nicolo-ribaudo/eslint-scope-5-internals@5.1.1-v1
│  ├─ eslint-visitor-keys@^2.1.0
│  ├─ eslint-visitor-keys@2.1.0
│  └─ semver@^6.3.0
├─ @babel/generator@7.21.4
│  ├─ @babel/types@^7.21.4
│  ├─ @jridgewell/gen-mapping@^0.3.2
│  ├─ @jridgewell/trace-mapping@^0.3.17
│  └─ jsesc@^2.5.1
├─ @babel/helper-annotate-as-pure@7.18.6
│  └─ @babel/types@^7.18.6
├─ @babel/helper-builder-binary-assignment-operator-visitor@7.18.9
│  ├─ @babel/helper-explode-assignable-expression@^7.18.6
│  └─ @babel/types@^7.18.9
├─ @babel/helper-compilation-targets@7.21.4
│  ├─ @babel/compat-data@^7.21.4
│  ├─ @babel/helper-validator-option@^7.21.0
│  ├─ browserslist@^4.21.3
│  ├─ lru-cache@^5.1.1
│  └─ semver@^6.3.0
├─ @babel/helper-create-class-features-plugin@7.21.4
│  ├─ @babel/helper-annotate-as-pure@^7.18.6
│  ├─ @babel/helper-environment-visitor@^7.18.9
│  ├─ @babel/helper-function-name@^7.21.0
│  ├─ @babel/helper-member-expression-to-functions@^7.21.0
│  ├─ @babel/helper-optimise-call-expression@^7.18.6
│  ├─ @babel/helper-replace-supers@^7.20.7
│  ├─ @babel/helper-skip-transparent-expression-wrappers@^7.20.0
│  └─ @babel/helper-split-export-declaration@^7.18.6
├─ @babel/helper-create-regexp-features-plugin@7.21.4
│  ├─ @babel/helper-annotate-as-pure@^7.18.6
│  └─ regexpu-core@^5.3.1
├─ @babel/helper-define-polyfill-provider@0.3.3
│  ├─ @babel/helper-compilation-targets@^7.17.7
│  ├─ @babel/helper-plugin-utils@^7.16.7
│  ├─ debug@^4.1.1
│  ├─ lodash.debounce@^4.0.8
│  ├─ resolve@^1.14.2
│  └─ semver@^6.1.2
├─ @babel/helper-environment-visitor@7.18.9
├─ @babel/helper-explode-assignable-expression@7.18.6
│  └─ @babel/types@^7.18.6
├─ @babel/helper-function-name@7.21.0
│  ├─ @babel/template@^7.20.7
│  └─ @babel/types@^7.21.0
├─ @babel/helper-hoist-variables@7.18.6
│  └─ @babel/types@^7.18.6
├─ @babel/helper-member-expression-to-functions@7.21.0
│  └─ @babel/types@^7.21.0
├─ @babel/helper-module-imports@7.21.4
│  └─ @babel/types@^7.21.4
├─ @babel/helper-module-transforms@7.21.2
│  ├─ @babel/helper-environment-visitor@^7.18.9
│  ├─ @babel/helper-module-imports@^7.18.6
│  ├─ @babel/helper-simple-access@^7.20.2
│  ├─ @babel/helper-split-export-declaration@^7.18.6
│  ├─ @babel/helper-validator-identifier@^7.19.1
│  ├─ @babel/template@^7.20.7
│  ├─ @babel/traverse@^7.21.2
│  └─ @babel/types@^7.21.2
├─ @babel/helper-optimise-call-expression@7.18.6
│  └─ @babel/types@^7.18.6
├─ @babel/helper-plugin-utils@7.20.2
├─ @babel/helper-remap-async-to-generator@7.18.9
│  ├─ @babel/helper-annotate-as-pure@^7.18.6
│  ├─ @babel/helper-environment-visitor@^7.18.9
│  ├─ @babel/helper-wrap-function@^7.18.9
│  └─ @babel/types@^7.18.9
├─ @babel/helper-replace-supers@7.20.7
│  ├─ @babel/helper-environment-visitor@^7.18.9
│  ├─ @babel/helper-member-expression-to-functions@^7.20.7
│  ├─ @babel/helper-optimise-call-expression@^7.18.6
│  ├─ @babel/template@^7.20.7
│  ├─ @babel/traverse@^7.20.7
│  └─ @babel/types@^7.20.7
├─ @babel/helper-simple-access@7.20.2
│  └─ @babel/types@^7.20.2
├─ @babel/helper-skip-transparent-expression-wrappers@7.20.0
│  └─ @babel/types@^7.20.0
├─ @babel/helper-split-export-declaration@7.18.6
│  └─ @babel/types@^7.18.6
├─ @babel/helper-string-parser@7.19.4
├─ @babel/helper-validator-identifier@7.19.1
├─ @babel/helper-validator-option@7.21.0
├─ @babel/helper-wrap-function@7.20.5
│  ├─ @babel/helper-function-name@^7.19.0
│  ├─ @babel/template@^7.18.10
│  ├─ @babel/traverse@^7.20.5
│  └─ @babel/types@^7.20.5
├─ @babel/helpers@7.21.0
│  ├─ @babel/template@^7.20.7
│  ├─ @babel/traverse@^7.21.0
│  └─ @babel/types@^7.21.0
├─ @babel/highlight@7.18.6
│  ├─ @babel/helper-validator-identifier@^7.18.6
│  ├─ ansi-styles@3.2.1
│  │  └─ color-convert@^1.9.0
│  ├─ chalk@^2.0.0
│  ├─ chalk@2.4.2
│  │  ├─ ansi-styles@^3.2.1
│  │  ├─ escape-string-regexp@^1.0.5
│  │  └─ supports-color@^5.3.0
│  ├─ escape-string-regexp@1.0.5
│  ├─ has-flag@3.0.0
│  ├─ js-tokens@^4.0.0
│  └─ supports-color@5.5.0
│     └─ has-flag@^3.0.0
├─ @babel/parser@7.21.4
├─ @babel/plugin-proposal-async-generator-functions@7.20.7
│  ├─ @babel/helper-environment-visitor@^7.18.9
│  ├─ @babel/helper-plugin-utils@^7.20.2
│  ├─ @babel/helper-remap-async-to-generator@^7.18.9
│  └─ @babel/plugin-syntax-async-generators@^7.8.4
├─ @babel/plugin-proposal-class-properties@7.18.6
│  ├─ @babel/helper-create-class-features-plugin@^7.18.6
│  └─ @babel/helper-plugin-utils@^7.18.6
├─ @babel/plugin-proposal-export-default-from@7.18.10
│  ├─ @babel/helper-plugin-utils@^7.18.9
│  └─ @babel/plugin-syntax-export-default-from@^7.18.6
├─ @babel/plugin-proposal-nullish-coalescing-operator@7.18.6
│  ├─ @babel/helper-plugin-utils@^7.18.6
│  └─ @babel/plugin-syntax-nullish-coalescing-operator@^7.8.3
├─ @babel/plugin-proposal-object-rest-spread@7.20.7
│  ├─ @babel/compat-data@^7.20.5
│  ├─ @babel/helper-compilation-targets@^7.20.7
│  ├─ @babel/helper-plugin-utils@^7.20.2
│  ├─ @babel/plugin-syntax-object-rest-spread@^7.8.3
│  └─ @babel/plugin-transform-parameters@^7.20.7
├─ @babel/plugin-proposal-optional-catch-binding@7.18.6
│  ├─ @babel/helper-plugin-utils@^7.18.6
│  └─ @babel/plugin-syntax-optional-catch-binding@^7.8.3
├─ @babel/plugin-proposal-optional-chaining@7.21.0
│  ├─ @babel/helper-plugin-utils@^7.20.2
│  ├─ @babel/helper-skip-transparent-expression-wrappers@^7.20.0
│  └─ @babel/plugin-syntax-optional-chaining@^7.8.3
├─ @babel/plugin-syntax-async-generators@7.8.4
│  └─ @babel/helper-plugin-utils@^7.8.0
├─ @babel/plugin-syntax-bigint@7.8.3
│  └─ @babel/helper-plugin-utils@^7.8.0
├─ @babel/plugin-syntax-class-properties@7.12.13
│  └─ @babel/helper-plugin-utils@^7.12.13
├─ @babel/plugin-syntax-dynamic-import@7.8.3
│  └─ @babel/helper-plugin-utils@^7.8.0
├─ @babel/plugin-syntax-export-default-from@7.18.6
│  └─ @babel/helper-plugin-utils@^7.18.6
├─ @babel/plugin-syntax-flow@7.21.4
│  └─ @babel/helper-plugin-utils@^7.20.2
├─ @babel/plugin-syntax-import-meta@7.10.4
│  └─ @babel/helper-plugin-utils@^7.10.4
├─ @babel/plugin-syntax-json-strings@7.8.3
│  └─ @babel/helper-plugin-utils@^7.8.0
├─ @babel/plugin-syntax-jsx@7.21.4
│  └─ @babel/helper-plugin-utils@^7.20.2
├─ @babel/plugin-syntax-logical-assignment-operators@7.10.4
│  └─ @babel/helper-plugin-utils@^7.10.4
├─ @babel/plugin-syntax-nullish-coalescing-operator@7.8.3
│  └─ @babel/helper-plugin-utils@^7.8.0
├─ @babel/plugin-syntax-numeric-separator@7.10.4
│  └─ @babel/helper-plugin-utils@^7.10.4
├─ @babel/plugin-syntax-object-rest-spread@7.8.3
│  └─ @babel/helper-plugin-utils@^7.8.0
├─ @babel/plugin-syntax-optional-catch-binding@7.8.3
│  └─ @babel/helper-plugin-utils@^7.8.0
├─ @babel/plugin-syntax-optional-chaining@7.8.3
│  └─ @babel/helper-plugin-utils@^7.8.0
├─ @babel/plugin-syntax-top-level-await@7.14.5
│  └─ @babel/helper-plugin-utils@^7.14.5
├─ @babel/plugin-syntax-typescript@7.21.4
│  └─ @babel/helper-plugin-utils@^7.20.2
├─ @babel/plugin-transform-arrow-functions@7.20.7
│  └─ @babel/helper-plugin-utils@^7.20.2
├─ @babel/plugin-transform-async-to-generator@7.20.7
│  ├─ @babel/helper-module-imports@^7.18.6
│  ├─ @babel/helper-plugin-utils@^7.20.2
│  └─ @babel/helper-remap-async-to-generator@^7.18.9
├─ @babel/plugin-transform-block-scoped-functions@7.18.6
│  └─ @babel/helper-plugin-utils@^7.18.6
├─ @babel/plugin-transform-block-scoping@7.21.0
│  └─ @babel/helper-plugin-utils@^7.20.2
├─ @babel/plugin-transform-classes@7.21.0
│  ├─ @babel/helper-annotate-as-pure@^7.18.6
│  ├─ @babel/helper-compilation-targets@^7.20.7
│  ├─ @babel/helper-environment-visitor@^7.18.9
│  ├─ @babel/helper-function-name@^7.21.0
│  ├─ @babel/helper-optimise-call-expression@^7.18.6
│  ├─ @babel/helper-plugin-utils@^7.20.2
│  ├─ @babel/helper-replace-supers@^7.20.7
│  ├─ @babel/helper-split-export-declaration@^7.18.6
│  └─ globals@^11.1.0
├─ @babel/plugin-transform-computed-properties@7.20.7
│  ├─ @babel/helper-plugin-utils@^7.20.2
│  └─ @babel/template@^7.20.7
├─ @babel/plugin-transform-destructuring@7.21.3
│  └─ @babel/helper-plugin-utils@^7.20.2
├─ @babel/plugin-transform-exponentiation-operator@7.18.6
│  ├─ @babel/helper-builder-binary-assignment-operator-visitor@^7.18.6
│  └─ @babel/helper-plugin-utils@^7.18.6
├─ @babel/plugin-transform-flow-strip-types@7.21.0
│  ├─ @babel/helper-plugin-utils@^7.20.2
│  └─ @babel/plugin-syntax-flow@^7.18.6
├─ @babel/plugin-transform-for-of@7.21.0
│  └─ @babel/helper-plugin-utils@^7.20.2
├─ @babel/plugin-transform-function-name@7.18.9
│  ├─ @babel/helper-compilation-targets@^7.18.9
│  ├─ @babel/helper-function-name@^7.18.9
│  └─ @babel/helper-plugin-utils@^7.18.9
├─ @babel/plugin-transform-literals@7.18.9
│  └─ @babel/helper-plugin-utils@^7.18.9
├─ @babel/plugin-transform-member-expression-literals@7.18.6
│  └─ @babel/helper-plugin-utils@^7.18.6
├─ @babel/plugin-transform-modules-commonjs@7.21.2
│  ├─ @babel/helper-module-transforms@^7.21.2
│  ├─ @babel/helper-plugin-utils@^7.20.2
│  └─ @babel/helper-simple-access@^7.20.2
├─ @babel/plugin-transform-named-capturing-groups-regex@7.20.5
│  ├─ @babel/helper-create-regexp-features-plugin@^7.20.5
│  └─ @babel/helper-plugin-utils@^7.20.2
├─ @babel/plugin-transform-object-super@7.18.6
│  ├─ @babel/helper-plugin-utils@^7.18.6
│  └─ @babel/helper-replace-supers@^7.18.6
├─ @babel/plugin-transform-parameters@7.21.3
│  └─ @babel/helper-plugin-utils@^7.20.2
├─ @babel/plugin-transform-property-literals@7.18.6
│  └─ @babel/helper-plugin-utils@^7.18.6
├─ @babel/plugin-transform-react-display-name@7.18.6
│  └─ @babel/helper-plugin-utils@^7.18.6
├─ @babel/plugin-transform-react-jsx-self@7.21.0
│  └─ @babel/helper-plugin-utils@^7.20.2
├─ @babel/plugin-transform-react-jsx-source@7.19.6
│  └─ @babel/helper-plugin-utils@^7.19.0
├─ @babel/plugin-transform-react-jsx@7.21.0
│  ├─ @babel/helper-annotate-as-pure@^7.18.6
│  ├─ @babel/helper-module-imports@^7.18.6
│  ├─ @babel/helper-plugin-utils@^7.20.2
│  ├─ @babel/plugin-syntax-jsx@^7.18.6
│  └─ @babel/types@^7.21.0
├─ @babel/plugin-transform-runtime@7.21.4
│  ├─ @babel/helper-module-imports@^7.21.4
│  ├─ @babel/helper-plugin-utils@^7.20.2
│  ├─ babel-plugin-polyfill-corejs2@^0.3.3
│  ├─ babel-plugin-polyfill-corejs3@^0.6.0
│  ├─ babel-plugin-polyfill-regenerator@^0.4.1
│  └─ semver@^6.3.0
├─ @babel/plugin-transform-shorthand-properties@7.18.6
│  └─ @babel/helper-plugin-utils@^7.18.6
├─ @babel/plugin-transform-spread@7.20.7
│  ├─ @babel/helper-plugin-utils@^7.20.2
│  └─ @babel/helper-skip-transparent-expression-wrappers@^7.20.0
├─ @babel/plugin-transform-sticky-regex@7.18.6
│  └─ @babel/helper-plugin-utils@^7.18.6
├─ @babel/plugin-transform-template-literals@7.18.9
│  └─ @babel/helper-plugin-utils@^7.18.9
├─ @babel/plugin-transform-typescript@7.21.3
│  ├─ @babel/helper-annotate-as-pure@^7.18.6
│  ├─ @babel/helper-create-class-features-plugin@^7.21.0
│  ├─ @babel/helper-plugin-utils@^7.20.2
│  └─ @babel/plugin-syntax-typescript@^7.20.0
├─ @babel/plugin-transform-unicode-regex@7.18.6
│  ├─ @babel/helper-create-regexp-features-plugin@^7.18.6
│  └─ @babel/helper-plugin-utils@^7.18.6
├─ @babel/preset-flow@7.21.4
│  ├─ @babel/helper-plugin-utils@^7.20.2
│  ├─ @babel/helper-validator-option@^7.21.0
│  └─ @babel/plugin-transform-flow-strip-types@^7.21.0
├─ @babel/preset-typescript@7.21.4
│  ├─ @babel/helper-plugin-utils@^7.20.2
│  ├─ @babel/helper-validator-option@^7.21.0
│  ├─ @babel/plugin-syntax-jsx@^7.21.4
│  ├─ @babel/plugin-transform-modules-commonjs@^7.21.2
│  └─ @babel/plugin-transform-typescript@^7.21.3
├─ @babel/register@7.21.0
│  ├─ clone-deep@^4.0.1
│  ├─ find-cache-dir@^2.0.0
│  ├─ make-dir@^2.1.0
│  ├─ pirates@^4.0.5
│  └─ source-map-support@^0.5.16
├─ @babel/regjsgen@0.8.0
├─ @babel/runtime@7.21.0
│  └─ regenerator-runtime@^0.13.11
├─ @babel/template@7.20.7
│  ├─ @babel/code-frame@^7.18.6
│  ├─ @babel/parser@^7.20.7
│  └─ @babel/types@^7.20.7
├─ @babel/traverse@7.21.4
│  ├─ @babel/code-frame@^7.21.4
│  ├─ @babel/generator@^7.21.4
│  ├─ @babel/helper-environment-visitor@^7.18.9
│  ├─ @babel/helper-function-name@^7.21.0
│  ├─ @babel/helper-hoist-variables@^7.18.6
│  ├─ @babel/helper-split-export-declaration@^7.18.6
│  ├─ @babel/parser@^7.21.4
│  ├─ @babel/types@^7.21.4
│  ├─ debug@^4.1.0
│  └─ globals@^11.1.0
├─ @babel/types@7.21.4
│  ├─ @babel/helper-string-parser@^7.19.4
│  ├─ @babel/helper-validator-identifier@^7.19.1
│  └─ to-fast-properties@^2.0.0
├─ @bcoe/v8-coverage@0.2.3
├─ @callstack/react-theme-provider@3.0.8
│  ├─ deepmerge@^3.2.0
│  └─ hoist-non-react-statics@^3.3.0
├─ @cnakazawa/watch@1.0.4
│  ├─ exec-sh@^0.3.2
│  └─ minimist@^1.2.0
├─ @egjs/hammerjs@2.0.17
│  └─ @types/hammerjs@^2.0.36
├─ @eslint-community/eslint-utils@4.4.0
│  ├─ eslint-visitor-keys@^3.3.0
│  └─ eslint-visitor-keys@3.4.0
├─ @eslint-community/regexpp@4.5.0
├─ @eslint/eslintrc@0.4.3
│  ├─ ajv@^6.12.4
│  ├─ debug@^4.1.1
│  ├─ espree@^7.3.0
│  ├─ globals@^13.9.0
│  ├─ globals@13.20.0
│  │  └─ type-fest@^0.20.2
│  ├─ ignore@^4.0.6
│  ├─ ignore@4.0.6
│  ├─ import-fresh@^3.2.1
│  ├─ js-yaml@^3.13.1
│  ├─ minimatch@^3.0.4
│  └─ strip-json-comments@^3.1.1
├─ @hapi/hoek@9.3.0
├─ @hapi/topo@5.1.0
│  └─ @hapi/hoek@^9.0.0
├─ @humanwhocodes/config-array@0.5.0
│  ├─ @humanwhocodes/object-schema@^1.2.0
│  ├─ debug@^4.1.1
│  └─ minimatch@^3.0.4
├─ @humanwhocodes/object-schema@1.2.1
├─ @istanbuljs/load-nyc-config@1.1.0
│  ├─ camelcase@^5.3.1
│  ├─ find-up@^4.1.0
│  ├─ get-package-type@^0.1.0
│  ├─ js-yaml@^3.13.1
│  └─ resolve-from@^5.0.0
├─ @istanbuljs/schema@0.1.3
├─ @jest/console@26.6.2
│  ├─ @jest/types@^26.6.2
│  ├─ @types/node@*
│  ├─ chalk@^4.0.0
│  ├─ jest-message-util@^26.6.2
│  ├─ jest-util@^26.6.2
│  └─ slash@^3.0.0
├─ @jest/core@26.6.3
│  ├─ @jest/console@^26.6.2
│  ├─ @jest/reporters@^26.6.2
│  ├─ @jest/test-result@^26.6.2
│  ├─ @jest/transform@^26.6.2
│  ├─ @jest/types@^26.6.2
│  ├─ @types/node@*
│  ├─ ansi-escapes@^4.2.1
│  ├─ chalk@^4.0.0
│  ├─ exit@^0.1.2
│  ├─ graceful-fs@^4.2.4
│  ├─ jest-changed-files@^26.6.2
│  ├─ jest-config@^26.6.3
│  ├─ jest-haste-map@^26.6.2
│  ├─ jest-message-util@^26.6.2
│  ├─ jest-regex-util@^26.0.0
│  ├─ jest-resolve-dependencies@^26.6.3
│  ├─ jest-resolve@^26.6.2
│  ├─ jest-runner@^26.6.3
│  ├─ jest-runtime@^26.6.3
│  ├─ jest-snapshot@^26.6.2
│  ├─ jest-util@^26.6.2
│  ├─ jest-validate@^26.6.2
│  ├─ jest-watcher@^26.6.2
│  ├─ micromatch@^4.0.2
│  ├─ p-each-series@^2.1.0
│  ├─ rimraf@^3.0.0
│  ├─ rimraf@3.0.2
│  │  └─ glob@^7.1.3
│  ├─ slash@^3.0.0
│  └─ strip-ansi@^6.0.0
├─ @jest/create-cache-key-function@27.5.1
│  ├─ @jest/types@^27.5.1
│  ├─ @jest/types@27.5.1
│  │  ├─ @types/istanbul-lib-coverage@^2.0.0
│  │  ├─ @types/istanbul-reports@^3.0.0
│  │  ├─ @types/node@*
│  │  ├─ @types/yargs@^16.0.0
│  │  └─ chalk@^4.0.0
│  └─ @types/yargs@16.0.5
│     └─ @types/yargs-parser@*
├─ @jest/environment@26.6.2
│  ├─ @jest/fake-timers@^26.6.2
│  ├─ @jest/types@^26.6.2
│  ├─ @types/node@*
│  └─ jest-mock@^26.6.2
├─ @jest/fake-timers@26.6.2
│  ├─ @jest/types@^26.6.2
│  ├─ @sinonjs/fake-timers@^6.0.1
│  ├─ @types/node@*
│  ├─ jest-message-util@^26.6.2
│  ├─ jest-mock@^26.6.2
│  └─ jest-util@^26.6.2
├─ @jest/globals@26.6.2
│  ├─ @jest/environment@^26.6.2
│  ├─ @jest/types@^26.6.2
│  └─ expect@^26.6.2
├─ @jest/reporters@26.6.2
│  ├─ @bcoe/v8-coverage@^0.2.3
│  ├─ @jest/console@^26.6.2
│  ├─ @jest/test-result@^26.6.2
│  ├─ @jest/transform@^26.6.2
│  ├─ @jest/types@^26.6.2
│  ├─ chalk@^4.0.0
│  ├─ collect-v8-coverage@^1.0.0
│  ├─ exit@^0.1.2
│  ├─ glob@^7.1.2
│  ├─ graceful-fs@^4.2.4
│  ├─ istanbul-lib-coverage@^3.0.0
│  ├─ istanbul-lib-instrument@^4.0.3
│  ├─ istanbul-lib-instrument@4.0.3
│  │  ├─ @babel/core@^7.7.5
│  │  ├─ @istanbuljs/schema@^0.1.2
│  │  ├─ istanbul-lib-coverage@^3.0.0
│  │  └─ semver@^6.3.0
│  ├─ istanbul-lib-report@^3.0.0
│  ├─ istanbul-lib-source-maps@^4.0.0
│  ├─ istanbul-reports@^3.0.2
│  ├─ jest-haste-map@^26.6.2
│  ├─ jest-resolve@^26.6.2
│  ├─ jest-util@^26.6.2
│  ├─ jest-worker@^26.6.2
│  ├─ node-notifier@^8.0.0
│  ├─ slash@^3.0.0
│  ├─ source-map@^0.6.0
│  ├─ string-length@^4.0.1
│  ├─ terminal-link@^2.0.0
│  └─ v8-to-istanbul@^7.0.0
├─ @jest/source-map@26.6.2
│  ├─ callsites@^3.0.0
│  ├─ graceful-fs@^4.2.4
│  └─ source-map@^0.6.0
├─ @jest/test-result@26.6.2
│  ├─ @jest/console@^26.6.2
│  ├─ @jest/types@^26.6.2
│  ├─ @types/istanbul-lib-coverage@^2.0.0
│  └─ collect-v8-coverage@^1.0.0
├─ @jest/test-sequencer@26.6.3
│  ├─ @jest/test-result@^26.6.2
│  ├─ graceful-fs@^4.2.4
│  ├─ jest-haste-map@^26.6.2
│  ├─ jest-runner@^26.6.3
│  └─ jest-runtime@^26.6.3
├─ @jest/transform@26.6.2
│  ├─ @babel/core@^7.1.0
│  ├─ @jest/types@^26.6.2
│  ├─ babel-plugin-istanbul@^6.0.0
│  ├─ chalk@^4.0.0
│  ├─ convert-source-map@^1.4.0
│  ├─ fast-json-stable-stringify@^2.0.0
│  ├─ graceful-fs@^4.2.4
│  ├─ jest-haste-map@^26.6.2
│  ├─ jest-regex-util@^26.0.0
│  ├─ jest-util@^26.6.2
│  ├─ micromatch@^4.0.2
│  ├─ pirates@^4.0.1
│  ├─ slash@^3.0.0
│  ├─ source-map@^0.6.1
│  └─ write-file-atomic@^3.0.0
├─ @jest/types@26.6.2
│  ├─ @types/istanbul-lib-coverage@^2.0.0
│  ├─ @types/istanbul-reports@^3.0.0
│  ├─ @types/node@*
│  ├─ @types/yargs@^15.0.0
│  └─ chalk@^4.0.0
├─ @jridgewell/gen-mapping@0.3.3
│  ├─ @jridgewell/set-array@^1.0.1
│  ├─ @jridgewell/sourcemap-codec@^1.4.10
│  ├─ @jridgewell/sourcemap-codec@1.4.15
│  └─ @jridgewell/trace-mapping@^0.3.9
├─ @jridgewell/resolve-uri@3.1.0
├─ @jridgewell/set-array@1.1.2
├─ @jridgewell/sourcemap-codec@1.4.14
├─ @jridgewell/trace-mapping@0.3.18
│  ├─ @jridgewell/resolve-uri@3.1.0
│  └─ @jridgewell/sourcemap-codec@1.4.14
├─ @nicolo-ribaudo/eslint-scope-5-internals@5.1.1-v1
│  └─ eslint-scope@5.1.1
├─ @nodelib/fs.scandir@2.1.5
│  ├─ @nodelib/fs.stat@2.0.5
│  └─ run-parallel@^1.1.9
├─ @nodelib/fs.stat@2.0.5
├─ @nodelib/fs.walk@1.2.8
│  ├─ @nodelib/fs.scandir@2.1.5
│  └─ fastq@^1.6.0
├─ @react-native-async-storage/async-storage@1.18.1
│  └─ merge-options@^3.0.4
├─ @react-native-camera-roll/camera-roll@5.3.1
├─ @react-native-clipboard/clipboard@1.11.2
├─ @react-native-community/cli-clean@9.2.1
│  ├─ @react-native-community/cli-tools@^9.2.1
│  ├─ chalk@^4.1.2
│  ├─ execa@^1.0.0
│  └─ prompts@^2.4.0
├─ @react-native-community/cli-config@9.2.1
│  ├─ @react-native-community/cli-tools@^9.2.1
│  ├─ cosmiconfig@^5.1.0
│  ├─ deepmerge@^3.2.0
│  ├─ glob@^7.1.3
│  └─ joi@^17.2.1
├─ @react-native-community/cli-debugger-ui@9.0.0
│  └─ serve-static@^1.13.1
├─ @react-native-community/cli-doctor@9.3.0
│  ├─ @react-native-community/cli-config@^9.2.1
│  ├─ @react-native-community/cli-platform-ios@^9.3.0
│  ├─ @react-native-community/cli-tools@^9.2.1
│  ├─ ansi-regex@4.1.1
│  ├─ chalk@^4.1.2
│  ├─ command-exists@^1.2.8
│  ├─ envinfo@^7.7.2
│  ├─ execa@^1.0.0
│  ├─ hermes-profile-transformer@^0.0.6
│  ├─ ip@^1.1.5
│  ├─ node-stream-zip@^1.9.1
│  ├─ ora@^5.4.1
│  ├─ prompts@^2.4.0
│  ├─ semver@^6.3.0
│  ├─ strip-ansi@^5.2.0
│  ├─ strip-ansi@5.2.0
│  │  └─ ansi-regex@^4.1.0
│  ├─ sudo-prompt@^9.0.0
│  └─ wcwidth@^1.0.1
├─ @react-native-community/cli-hermes@9.3.1
│  ├─ @react-native-community/cli-platform-android@^9.3.1
│  ├─ @react-native-community/cli-tools@^9.2.1
│  ├─ chalk@^4.1.2
│  ├─ hermes-profile-transformer@^0.0.6
│  └─ ip@^1.1.5
├─ @react-native-community/cli-platform-android@9.3.1
│  ├─ @react-native-community/cli-tools@^9.2.1
│  ├─ chalk@^4.1.2
│  ├─ execa@^1.0.0
│  ├─ fs-extra@^8.1.0
│  ├─ glob@^7.1.3
│  ├─ logkitty@^0.7.1
│  └─ slash@^3.0.0
├─ @react-native-community/cli-platform-ios@9.3.0
│  ├─ @react-native-community/cli-tools@^9.2.1
│  ├─ chalk@^4.1.2
│  ├─ execa@^1.0.0
│  ├─ glob@^7.1.3
│  └─ ora@^5.4.1
├─ @react-native-community/cli-plugin-metro@9.2.1
│  ├─ @react-native-community/cli-server-api@^9.2.1
│  ├─ @react-native-community/cli-tools@^9.2.1
│  ├─ chalk@^4.1.2
│  ├─ metro-config@0.72.3
│  ├─ metro-core@0.72.3
│  ├─ metro-react-native-babel-transformer@0.72.3
│  ├─ metro-resolver@0.72.3
│  ├─ metro-runtime@0.72.3
│  ├─ metro@0.72.3
│  └─ readline@^1.3.0
├─ @react-native-community/cli-server-api@9.2.1
│  ├─ @react-native-community/cli-debugger-ui@^9.0.0
│  ├─ @react-native-community/cli-tools@^9.2.1
│  ├─ compression@^1.7.1
│  ├─ connect@^3.6.5
│  ├─ errorhandler@^1.5.0
│  ├─ nocache@^3.0.1
│  ├─ pretty-format@^26.6.2
│  ├─ serve-static@^1.13.1
│  └─ ws@^7.5.1
├─ @react-native-community/cli-tools@9.2.1
│  ├─ appdirsjs@^1.2.4
│  ├─ chalk@^4.1.2
│  ├─ find-up@^5.0.0
│  ├─ find-up@5.0.0
│  │  ├─ locate-path@^6.0.0
│  │  └─ path-exists@^4.0.0
│  ├─ locate-path@6.0.0
│  │  └─ p-locate@^5.0.0
│  ├─ mime@^2.4.1
│  ├─ node-fetch@^2.6.0
│  ├─ open@^6.2.0
│  ├─ ora@^5.4.1
│  ├─ p-limit@3.1.0
│  │  └─ yocto-queue@^0.1.0
│  ├─ p-locate@5.0.0
│  │  └─ p-limit@^3.0.2
│  ├─ semver@^6.3.0
│  └─ shell-quote@^1.7.3
├─ @react-native-community/cli-types@9.1.0
│  └─ joi@^17.2.1
├─ @react-native-community/cli@9.3.2
│  ├─ @react-native-community/cli-clean@^9.2.1
│  ├─ @react-native-community/cli-config@^9.2.1
│  ├─ @react-native-community/cli-debugger-ui@^9.0.0
│  ├─ @react-native-community/cli-doctor@^9.3.0
│  ├─ @react-native-community/cli-hermes@^9.3.1
│  ├─ @react-native-community/cli-plugin-metro@^9.2.1
│  ├─ @react-native-community/cli-server-api@^9.2.1
│  ├─ @react-native-community/cli-tools@^9.2.1
│  ├─ @react-native-community/cli-types@^9.1.0
│  ├─ chalk@^4.1.2
│  ├─ commander@^9.4.0
│  ├─ execa@^1.0.0
│  ├─ find-up@^4.1.0
│  ├─ fs-extra@^8.1.0
│  ├─ graceful-fs@^4.1.3
│  ├─ prompts@^2.4.0
│  └─ semver@^6.3.0
├─ @react-native-community/eslint-config@2.0.0
│  ├─ @react-native-community/eslint-plugin@^1.1.0
│  ├─ @typescript-eslint/eslint-plugin@^3.1.0
│  ├─ @typescript-eslint/eslint-plugin@3.10.1
│  │  ├─ @typescript-eslint/experimental-utils@3.10.1
│  │  ├─ debug@^4.1.1
│  │  ├─ functional-red-black-tree@^1.0.1
│  │  ├─ regexpp@^3.0.0
│  │  ├─ semver@^7.3.2
│  │  └─ tsutils@^3.17.1
│  ├─ @typescript-eslint/parser@^3.1.0
│  ├─ @typescript-eslint/parser@3.10.1
│  │  ├─ @types/eslint-visitor-keys@^1.0.0
│  │  ├─ @typescript-eslint/experimental-utils@3.10.1
│  │  ├─ @typescript-eslint/types@3.10.1
│  │  ├─ @typescript-eslint/typescript-estree@3.10.1
│  │  └─ eslint-visitor-keys@^1.1.0
│  ├─ @typescript-eslint/types@3.10.1
│  ├─ @typescript-eslint/typescript-estree@3.10.1
│  │  ├─ @typescript-eslint/types@3.10.1
│  │  ├─ @typescript-eslint/visitor-keys@3.10.1
│  │  ├─ debug@^4.1.1
│  │  ├─ glob@^7.1.6
│  │  ├─ is-glob@^4.0.1
│  │  ├─ lodash@^4.17.15
│  │  ├─ semver@^7.3.2
│  │  └─ tsutils@^3.17.1
│  ├─ @typescript-eslint/visitor-keys@3.10.1
│  │  └─ eslint-visitor-keys@^1.1.0
│  ├─ babel-eslint@^10.1.0
│  ├─ eslint-config-prettier@^6.10.1
│  ├─ eslint-plugin-eslint-comments@^3.1.2
│  ├─ eslint-plugin-flowtype@2.50.3
│  ├─ eslint-plugin-jest@22.4.1
│  ├─ eslint-plugin-prettier@3.1.2
│  ├─ eslint-plugin-react-hooks@^4.0.4
│  ├─ eslint-plugin-react-native@^3.8.1
│  ├─ eslint-plugin-react@^7.20.0
│  ├─ lru-cache@6.0.0
│  │  └─ yallist@^4.0.0
│  ├─ prettier@^2.0.2
│  ├─ semver@7.5.0
│  │  └─ lru-cache@^6.0.0
│  └─ yallist@4.0.0
├─ @react-native-community/eslint-plugin@1.3.0
├─ @react-native-firebase/messaging@16.7.0
├─ @react-native/assets@1.0.0
├─ @react-native/normalize-color@2.0.0
├─ @react-native/polyfills@2.0.0
├─ @react-navigation/core@6.4.8
│  ├─ @react-navigation/routers@^6.1.8
│  ├─ escape-string-regexp@^4.0.0
│  ├─ nanoid@^3.1.23
│  ├─ query-string@^7.1.3
│  ├─ react-is@^16.13.0
│  └─ use-latest-callback@^0.1.5
├─ @react-navigation/elements@1.3.17
├─ @react-navigation/native-stack@6.9.12
│  ├─ @react-navigation/elements@^1.3.17
│  └─ warn-once@^0.1.0
├─ @react-navigation/native@6.1.6
│  ├─ @react-navigation/core@^6.4.8
│  ├─ escape-string-regexp@^4.0.0
│  ├─ fast-deep-equal@^3.1.3
│  └─ nanoid@^3.1.23
├─ @react-navigation/routers@6.1.8
│  └─ nanoid@^3.1.23
├─ @sideway/address@4.1.4
│  └─ @hapi/hoek@^9.0.0
├─ @sideway/formula@3.0.1
├─ @sideway/pinpoint@2.0.0
├─ @sinonjs/commons@1.8.6
│  └─ type-detect@4.0.8
├─ @sinonjs/fake-timers@6.0.1
│  └─ @sinonjs/commons@^1.7.0
├─ @tootallnate/once@1.1.2
├─ @tsconfig/react-native@2.0.3
├─ @types/babel__core@7.20.0
│  ├─ @babel/parser@^7.20.7
│  ├─ @babel/types@^7.20.7
│  ├─ @types/babel__generator@*
│  ├─ @types/babel__template@*
│  └─ @types/babel__traverse@*
├─ @types/babel__generator@7.6.4
│  └─ @babel/types@^7.0.0
├─ @types/babel__template@7.4.1
│  ├─ @babel/parser@^7.1.0
│  └─ @babel/types@^7.0.0
├─ @types/babel__traverse@7.18.3
│  └─ @babel/types@^7.3.0
├─ @types/eslint-visitor-keys@1.0.0
├─ @types/graceful-fs@4.1.6
│  └─ @types/node@*
├─ @types/hammerjs@2.0.41
├─ @types/istanbul-lib-coverage@2.0.4
├─ @types/istanbul-lib-report@3.0.0
│  └─ @types/istanbul-lib-coverage@*
├─ @types/istanbul-reports@3.0.1
│  └─ @types/istanbul-lib-report@*
├─ @types/jest@26.0.24
│  ├─ jest-diff@^26.0.0
│  └─ pretty-format@^26.0.0
├─ @types/json-schema@7.0.11
├─ @types/json5@0.0.29
├─ @types/node@18.16.0
├─ @types/normalize-package-data@2.4.1
├─ @types/prettier@2.7.2
├─ @types/prop-types@15.7.5
├─ @types/react-native@0.70.13
│  └─ @types/react@*
├─ @types/react-test-renderer@18.0.0
│  └─ @types/react@*
├─ @types/react@18.0.38
│  ├─ @types/prop-types@*
│  ├─ @types/scheduler@*
│  └─ csstype@^3.0.2
├─ @types/scheduler@0.16.3
├─ @types/semver@7.3.13
├─ @types/stack-utils@2.0.1
├─ @types/yargs-parser@21.0.0
├─ @types/yargs@15.0.15
│  └─ @types/yargs-parser@*
├─ @typescript-eslint/eslint-plugin@5.59.0
│  ├─ @eslint-community/regexpp@^4.4.0
│  ├─ @typescript-eslint/scope-manager@5.59.0
│  ├─ @typescript-eslint/type-utils@5.59.0
│  ├─ @typescript-eslint/utils@5.59.0
│  ├─ debug@^4.3.4
│  ├─ grapheme-splitter@^1.0.4
│  ├─ ignore@^5.2.0
│  ├─ lru-cache@6.0.0
│  │  └─ yallist@^4.0.0
│  ├─ natural-compare-lite@^1.4.0
│  ├─ semver@^7.3.7
│  ├─ semver@7.5.0
│  │  └─ lru-cache@^6.0.0
│  ├─ tsutils@^3.21.0
│  └─ yallist@4.0.0
├─ @typescript-eslint/experimental-utils@3.10.1
│  ├─ @types/json-schema@^7.0.3
│  ├─ @typescript-eslint/types@3.10.1
│  ├─ @typescript-eslint/types@3.10.1
│  ├─ @typescript-eslint/typescript-estree@3.10.1
│  ├─ @typescript-eslint/typescript-estree@3.10.1
│  │  ├─ @typescript-eslint/types@3.10.1
│  │  ├─ @typescript-eslint/visitor-keys@3.10.1
│  │  ├─ debug@^4.1.1
│  │  ├─ glob@^7.1.6
│  │  ├─ is-glob@^4.0.1
│  │  ├─ lodash@^4.17.15
│  │  ├─ semver@^7.3.2
│  │  └─ tsutils@^3.17.1
│  ├─ @typescript-eslint/visitor-keys@3.10.1
│  │  └─ eslint-visitor-keys@^1.1.0
│  ├─ eslint-scope@^5.0.0
│  ├─ eslint-utils@^2.0.0
│  ├─ lru-cache@6.0.0
│  │  └─ yallist@^4.0.0
│  ├─ semver@7.5.0
│  │  └─ lru-cache@^6.0.0
│  └─ yallist@4.0.0
├─ @typescript-eslint/parser@5.59.0
│  ├─ @typescript-eslint/scope-manager@5.59.0
│  ├─ @typescript-eslint/types@5.59.0
│  ├─ @typescript-eslint/typescript-estree@5.59.0
│  └─ debug@^4.3.4
├─ @typescript-eslint/scope-manager@5.59.0
│  ├─ @typescript-eslint/types@5.59.0
│  └─ @typescript-eslint/visitor-keys@5.59.0
├─ @typescript-eslint/type-utils@5.59.0
│  ├─ @typescript-eslint/typescript-estree@5.59.0
│  ├─ @typescript-eslint/utils@5.59.0
│  ├─ debug@^4.3.4
│  └─ tsutils@^3.21.0
├─ @typescript-eslint/types@5.59.0
├─ @typescript-eslint/typescript-estree@5.59.0
│  ├─ @typescript-eslint/types@5.59.0
│  ├─ @typescript-eslint/visitor-keys@5.59.0
│  ├─ debug@^4.3.4
│  ├─ globby@^11.1.0
│  ├─ is-glob@^4.0.3
│  ├─ lru-cache@6.0.0
│  │  └─ yallist@^4.0.0
│  ├─ semver@^7.3.7
│  ├─ semver@7.5.0
│  │  └─ lru-cache@^6.0.0
│  ├─ tsutils@^3.21.0
│  └─ yallist@4.0.0
├─ @typescript-eslint/utils@5.59.0
│  ├─ @eslint-community/eslint-utils@^4.2.0
│  ├─ @types/json-schema@^7.0.9
│  ├─ @types/semver@^7.3.12
│  ├─ @typescript-eslint/scope-manager@5.59.0
│  ├─ @typescript-eslint/types@5.59.0
│  ├─ @typescript-eslint/typescript-estree@5.59.0
│  ├─ eslint-scope@^5.1.1
│  ├─ lru-cache@6.0.0
│  │  └─ yallist@^4.0.0
│  ├─ semver@^7.3.7
│  ├─ semver@7.5.0
│  │  └─ lru-cache@^6.0.0
│  └─ yallist@4.0.0
├─ @typescript-eslint/visitor-keys@5.59.0
│  ├─ @typescript-eslint/types@5.59.0
│  ├─ eslint-visitor-keys@^3.3.0
│  └─ eslint-visitor-keys@3.4.0
├─ abab@2.0.6
├─ abort-controller@3.0.0
│  └─ event-target-shim@^5.0.0
├─ absolute-path@0.0.0
├─ accepts@1.3.8
│  ├─ mime-types@~2.1.34
│  └─ negotiator@0.6.3
├─ acorn-globals@6.0.0
│  ├─ acorn-walk@^7.1.1
│  └─ acorn@^7.1.1
├─ acorn-jsx@5.3.2
├─ acorn-walk@7.2.0
├─ acorn@7.4.1
├─ agent-base@6.0.2
│  └─ debug@4
├─ ajv@6.12.6
│  ├─ fast-deep-equal@^3.1.1
│  ├─ fast-json-stable-stringify@^2.0.0
│  ├─ json-schema-traverse@^0.4.1
│  └─ uri-js@^4.2.2
├─ anser@1.4.10
├─ ansi-colors@4.1.3
├─ ansi-escapes@4.3.2
│  ├─ type-fest@^0.21.3
│  └─ type-fest@0.21.3
├─ ansi-fragments@0.2.1
│  ├─ ansi-regex@4.1.1
│  ├─ ansi-styles@3.2.1
│  │  └─ color-convert@^1.9.0
│  ├─ astral-regex@1.0.0
│  ├─ colorette@^1.0.7
│  ├─ is-fullwidth-code-point@2.0.0
│  ├─ slice-ansi@^2.0.0
│  ├─ slice-ansi@2.1.0
│  │  ├─ ansi-styles@^3.2.0
│  │  ├─ astral-regex@^1.0.0
│  │  └─ is-fullwidth-code-point@^2.0.0
│  ├─ strip-ansi@^5.0.0
│  └─ strip-ansi@5.2.0
│     └─ ansi-regex@^4.1.0
├─ ansi-regex@5.0.1
├─ ansi-styles@4.3.0
│  ├─ color-convert@^2.0.1
│  └─ color-convert@2.0.1
│     └─ color-name@~1.1.4
├─ anymatch@3.1.3
│  ├─ normalize-path@^3.0.0
│  └─ picomatch@^2.0.4
├─ appdirsjs@1.2.7
├─ argparse@1.0.10
│  └─ sprintf-js@~1.0.2
├─ arr-diff@4.0.0
├─ arr-flatten@1.1.0
├─ arr-union@3.1.0
├─ array-buffer-byte-length@1.0.0
│  ├─ call-bind@^1.0.2
│  └─ is-array-buffer@^3.0.1
├─ array-includes@3.1.6
│  ├─ call-bind@^1.0.2
│  ├─ define-properties@^1.1.4
│  ├─ es-abstract@^1.20.4
│  ├─ get-intrinsic@^1.1.3
│  └─ is-string@^1.0.7
├─ array-union@2.1.0
├─ array-unique@0.3.2
├─ array.prototype.flat@1.3.1
│  ├─ call-bind@^1.0.2
│  ├─ define-properties@^1.1.4
│  ├─ es-abstract@^1.20.4
│  └─ es-shim-unscopables@^1.0.0
├─ array.prototype.flatmap@1.3.1
│  ├─ call-bind@^1.0.2
│  ├─ define-properties@^1.1.4
│  ├─ es-abstract@^1.20.4
│  └─ es-shim-unscopables@^1.0.0
├─ array.prototype.tosorted@1.1.1
│  ├─ call-bind@^1.0.2
│  ├─ define-properties@^1.1.4
│  ├─ es-abstract@^1.20.4
│  ├─ es-shim-unscopables@^1.0.0
│  └─ get-intrinsic@^1.1.3
├─ asap@2.0.6
├─ assign-symbols@1.0.0
├─ ast-types@0.14.2
│  └─ tslib@^2.0.1
├─ astral-regex@2.0.0
├─ async-limiter@1.0.1
├─ async@3.2.4
├─ asynckit@0.4.0
├─ atob@2.1.2
├─ available-typed-arrays@1.0.5
├─ babel-core@7.0.0-bridge.0
├─ babel-eslint@10.1.0
│  ├─ @babel/code-frame@^7.0.0
│  ├─ @babel/parser@^7.7.0
│  ├─ @babel/traverse@^7.7.0
│  ├─ @babel/types@^7.7.0
│  ├─ eslint-visitor-keys@^1.0.0
│  └─ resolve@^1.12.0
├─ babel-jest@26.6.3
│  ├─ @jest/transform@^26.6.2
│  ├─ @jest/types@^26.6.2
│  ├─ @types/babel__core@^7.1.7
│  ├─ babel-plugin-istanbul@^6.0.0
│  ├─ babel-preset-jest@^26.6.2
│  ├─ chalk@^4.0.0
│  ├─ graceful-fs@^4.2.4
│  └─ slash@^3.0.0
├─ babel-plugin-istanbul@6.1.1
│  ├─ @babel/helper-plugin-utils@^7.0.0
│  ├─ @istanbuljs/load-nyc-config@^1.0.0
│  ├─ @istanbuljs/schema@^0.1.2
│  ├─ istanbul-lib-instrument@^5.0.4
│  └─ test-exclude@^6.0.0
├─ babel-plugin-jest-hoist@26.6.2
│  ├─ @babel/template@^7.3.3
│  ├─ @babel/types@^7.3.3
│  ├─ @types/babel__core@^7.0.0
│  └─ @types/babel__traverse@^7.0.6
├─ babel-plugin-polyfill-corejs2@0.3.3
│  ├─ @babel/compat-data@^7.17.7
│  ├─ @babel/helper-define-polyfill-provider@^0.3.3
│  └─ semver@^6.1.1
├─ babel-plugin-polyfill-corejs3@0.6.0
│  ├─ @babel/helper-define-polyfill-provider@^0.3.3
│  └─ core-js-compat@^3.25.1
├─ babel-plugin-polyfill-regenerator@0.4.1
│  └─ @babel/helper-define-polyfill-provider@^0.3.3
├─ babel-plugin-syntax-trailing-function-commas@7.0.0-beta.0
├─ babel-preset-current-node-syntax@1.0.1
│  ├─ @babel/plugin-syntax-async-generators@^7.8.4
│  ├─ @babel/plugin-syntax-bigint@^7.8.3
│  ├─ @babel/plugin-syntax-class-properties@^7.8.3
│  ├─ @babel/plugin-syntax-import-meta@^7.8.3
│  ├─ @babel/plugin-syntax-json-strings@^7.8.3
│  ├─ @babel/plugin-syntax-logical-assignment-operators@^7.8.3
│  ├─ @babel/plugin-syntax-nullish-coalescing-operator@^7.8.3
│  ├─ @babel/plugin-syntax-numeric-separator@^7.8.3
│  ├─ @babel/plugin-syntax-object-rest-spread@^7.8.3
│  ├─ @babel/plugin-syntax-optional-catch-binding@^7.8.3
│  ├─ @babel/plugin-syntax-optional-chaining@^7.8.3
│  └─ @babel/plugin-syntax-top-level-await@^7.8.3
├─ babel-preset-fbjs@3.4.0
│  ├─ @babel/plugin-proposal-class-properties@^7.0.0
│  ├─ @babel/plugin-proposal-object-rest-spread@^7.0.0
│  ├─ @babel/plugin-syntax-class-properties@^7.0.0
│  ├─ @babel/plugin-syntax-flow@^7.0.0
│  ├─ @babel/plugin-syntax-jsx@^7.0.0
│  ├─ @babel/plugin-syntax-object-rest-spread@^7.0.0
│  ├─ @babel/plugin-transform-arrow-functions@^7.0.0
│  ├─ @babel/plugin-transform-block-scoped-functions@^7.0.0
│  ├─ @babel/plugin-transform-block-scoping@^7.0.0
│  ├─ @babel/plugin-transform-classes@^7.0.0
│  ├─ @babel/plugin-transform-computed-properties@^7.0.0
│  ├─ @babel/plugin-transform-destructuring@^7.0.0
│  ├─ @babel/plugin-transform-flow-strip-types@^7.0.0
│  ├─ @babel/plugin-transform-for-of@^7.0.0
│  ├─ @babel/plugin-transform-function-name@^7.0.0
│  ├─ @babel/plugin-transform-literals@^7.0.0
│  ├─ @babel/plugin-transform-member-expression-literals@^7.0.0
│  ├─ @babel/plugin-transform-modules-commonjs@^7.0.0
│  ├─ @babel/plugin-transform-object-super@^7.0.0
│  ├─ @babel/plugin-transform-parameters@^7.0.0
│  ├─ @babel/plugin-transform-property-literals@^7.0.0
│  ├─ @babel/plugin-transform-react-display-name@^7.0.0
│  ├─ @babel/plugin-transform-react-jsx@^7.0.0
│  ├─ @babel/plugin-transform-shorthand-properties@^7.0.0
│  ├─ @babel/plugin-transform-spread@^7.0.0
│  ├─ @babel/plugin-transform-template-literals@^7.0.0
│  └─ babel-plugin-syntax-trailing-function-commas@^7.0.0-beta.0
├─ babel-preset-jest@26.6.2
│  ├─ babel-plugin-jest-hoist@^26.6.2
│  └─ babel-preset-current-node-syntax@^1.0.0
├─ balanced-match@1.0.2
├─ base-64@0.1.0
├─ base@0.11.2
│  ├─ cache-base@^1.0.1
│  ├─ class-utils@^0.3.5
│  ├─ component-emitter@^1.2.1
│  ├─ define-property@^1.0.0
│  ├─ define-property@1.0.0
│  │  └─ is-descriptor@^1.0.0
│  ├─ isobject@^3.0.1
│  ├─ mixin-deep@^1.2.0
│  └─ pascalcase@^0.1.1
├─ base64-js@1.5.1
├─ bl@4.1.0
│  ├─ buffer@^5.5.0
│  ├─ inherits@^2.0.4
│  └─ readable-stream@^3.4.0
├─ brace-expansion@1.1.11
│  ├─ balanced-match@^1.0.0
│  └─ concat-map@0.0.1
├─ braces@3.0.2
│  └─ fill-range@^7.0.1
├─ browser-process-hrtime@1.0.0
├─ browserslist@4.21.5
│  ├─ caniuse-lite@^1.0.30001449
│  ├─ electron-to-chromium@^1.4.284
│  ├─ node-releases@^2.0.8
│  └─ update-browserslist-db@^1.0.10
├─ bser@2.1.1
│  └─ node-int64@^0.4.0
├─ buffer-from@1.1.2
├─ buffer@5.7.1
│  ├─ base64-js@^1.3.1
│  └─ ieee754@^1.1.13
├─ bytes@3.0.0
├─ cache-base@1.0.1
│  ├─ collection-visit@^1.0.0
│  ├─ component-emitter@^1.2.1
│  ├─ get-value@^2.0.6
│  ├─ has-value@^1.0.0
│  ├─ isobject@^3.0.1
│  ├─ set-value@^2.0.0
│  ├─ to-object-path@^0.3.0
│  ├─ union-value@^1.0.0
│  └─ unset-value@^1.0.0
├─ call-bind@1.0.2
│  ├─ function-bind@^1.1.1
│  └─ get-intrinsic@^1.0.2
├─ caller-callsite@2.0.0
│  ├─ callsites@^2.0.0
│  └─ callsites@2.0.0
├─ caller-path@2.0.0
│  └─ caller-callsite@^2.0.0
├─ callsites@3.1.0
├─ camelcase@5.3.1
├─ caniuse-lite@1.0.30001481
├─ capture-exit@2.0.0
│  └─ rsvp@^4.8.4
├─ chalk@4.1.2
│  ├─ ansi-styles@^4.1.0
│  └─ supports-color@^7.1.0
├─ char-regex@1.0.2
├─ ci-info@2.0.0
├─ cjs-module-lexer@0.6.0
├─ class-utils@0.3.6
│  ├─ arr-union@^3.1.0
│  ├─ define-property@^0.2.5
│  ├─ isobject@^3.0.0
│  └─ static-extend@^0.1.1
├─ cli-cursor@3.1.0
│  └─ restore-cursor@^3.1.0
├─ cli-spinners@2.8.0
├─ cliui@6.0.0
│  ├─ string-width@^4.2.0
│  ├─ strip-ansi@^6.0.0
│  └─ wrap-ansi@^6.2.0
├─ clone-deep@4.0.1
│  ├─ is-plain-object@^2.0.4
│  ├─ kind-of@^6.0.2
│  └─ shallow-clone@^3.0.0
├─ clone@1.0.4
├─ co@4.6.0
├─ collect-v8-coverage@1.0.1
├─ collection-visit@1.0.0
│  ├─ map-visit@^1.0.0
│  └─ object-visit@^1.0.0
├─ color-convert@1.9.3
│  ├─ color-name@1.1.3
│  └─ color-name@1.1.3
├─ color-name@1.1.4
├─ color-string@1.9.1
│  ├─ color-name@^1.0.0
│  └─ simple-swizzle@^0.2.2
├─ color@3.2.1
│  ├─ color-convert@^1.9.3
│  └─ color-string@^1.6.0
├─ colorette@1.4.0
├─ combined-stream@1.0.8
│  └─ delayed-stream@~1.0.0
├─ command-exists@1.2.9
├─ commander@9.5.0
├─ commondir@1.0.1
├─ component-emitter@1.3.0
├─ compressible@2.0.18
│  └─ mime-db@>= 1.43.0 < 2
├─ compression@1.7.4
│  ├─ accepts@~1.3.5
│  ├─ bytes@3.0.0
│  ├─ compressible@~2.0.16
│  ├─ debug@2.6.9
│  ├─ debug@2.6.9
│  │  └─ ms@2.0.0
│  ├─ ms@2.0.0
│  ├─ on-headers@~1.0.2
│  ├─ safe-buffer@5.1.2
│  └─ vary@~1.1.2
├─ concat-map@0.0.1
├─ connect@3.7.0
│  ├─ debug@2.6.9
│  ├─ debug@2.6.9
│  │  └─ ms@2.0.0
│  ├─ finalhandler@1.1.2
│  ├─ ms@2.0.0
│  ├─ parseurl@~1.3.3
│  └─ utils-merge@1.0.1
├─ convert-source-map@1.9.0
├─ copy-descriptor@0.1.1
├─ core-js-compat@3.30.1
│  └─ browserslist@^4.21.5
├─ core-util-is@1.0.3
├─ cosmiconfig@5.2.1
│  ├─ import-fresh@^2.0.0
│  ├─ import-fresh@2.0.0
│  │  ├─ caller-path@^2.0.0
│  │  └─ resolve-from@^3.0.0
│  ├─ is-directory@^0.3.1
│  ├─ js-yaml@^3.13.1
│  ├─ parse-json@^4.0.0
│  └─ resolve-from@3.0.0
├─ cross-spawn@7.0.3
│  ├─ path-key@^3.1.0
│  ├─ path-key@3.1.1
│  ├─ shebang-command@^2.0.0
│  └─ which@^2.0.1
├─ cssom@0.4.4
├─ cssstyle@2.3.0
│  ├─ cssom@~0.3.6
│  └─ cssom@0.3.8
├─ csstype@3.1.2
├─ data-urls@2.0.0
│  ├─ abab@^2.0.3
│  ├─ whatwg-mimetype@^2.3.0
│  └─ whatwg-url@^8.0.0
├─ date-fns@2.29.3
├─ dayjs@1.11.7
├─ debug@4.3.4
│  ├─ ms@2.1.2
│  └─ ms@2.1.2
├─ decamelize@1.2.0
├─ decimal.js@10.4.3
├─ decode-uri-component@0.2.2
├─ deep-is@0.1.4
├─ deepmerge@3.3.0
├─ defaults@1.0.4
│  └─ clone@^1.0.2
├─ define-properties@1.2.0
│  ├─ has-property-descriptors@^1.0.0
│  └─ object-keys@^1.1.1
├─ define-property@0.2.5
│  ├─ is-accessor-descriptor@0.1.6
│  │  ├─ kind-of@^3.0.2
│  │  └─ kind-of@3.2.2
│  │     └─ is-buffer@^1.1.5
│  ├─ is-data-descriptor@0.1.4
│  │  ├─ kind-of@^3.0.2
│  │  └─ kind-of@3.2.2
│  │     └─ is-buffer@^1.1.5
│  ├─ is-descriptor@^0.1.0
│  ├─ is-descriptor@0.1.6
│  │  ├─ is-accessor-descriptor@^0.1.6
│  │  ├─ is-data-descriptor@^0.1.4
│  │  └─ kind-of@^5.0.0
│  └─ kind-of@5.1.0
├─ delayed-stream@1.0.0
├─ denodeify@1.2.1
├─ depd@2.0.0
├─ deprecated-react-native-prop-types@2.3.0
│  ├─ @react-native/normalize-color@*
│  ├─ @react-native/normalize-color@2.1.0
│  ├─ invariant@*
│  └─ prop-types@*
├─ destroy@1.2.0
├─ detect-newline@3.1.0
├─ diff-sequences@26.6.2
├─ dir-glob@3.0.1
│  └─ path-type@^4.0.0
├─ doctrine@2.1.0
│  └─ esutils@^2.0.2
├─ domexception@2.0.1
│  ├─ webidl-conversions@^5.0.0
│  └─ webidl-conversions@5.0.0
├─ dooboolab-welcome@1.3.2
├─ ee-first@1.1.1
├─ electron-to-chromium@1.4.369
├─ eme-encryption-scheme-polyfill@2.1.1
├─ emittery@0.7.2
├─ emoji-regex@8.0.0
├─ encodeurl@1.0.2
├─ end-of-stream@1.4.4
│  └─ once@^1.4.0
├─ enquirer@2.3.6
│  └─ ansi-colors@^4.1.1
├─ envinfo@7.8.1
├─ error-ex@1.3.2
│  ├─ is-arrayish@^0.2.1
│  └─ is-arrayish@0.2.1
├─ error-stack-parser@2.1.4
│  └─ stackframe@^1.3.4
├─ errorhandler@1.5.1
│  ├─ accepts@~1.3.7
│  └─ escape-html@~1.0.3
├─ es-abstract@1.21.2
│  ├─ array-buffer-byte-length@^1.0.0
│  ├─ available-typed-arrays@^1.0.5
│  ├─ call-bind@^1.0.2
│  ├─ es-set-tostringtag@^2.0.1
│  ├─ es-to-primitive@^1.2.1
│  ├─ function.prototype.name@^1.1.5
│  ├─ get-intrinsic@^1.2.0
│  ├─ get-symbol-description@^1.0.0
│  ├─ globalthis@^1.0.3
│  ├─ gopd@^1.0.1
│  ├─ has-property-descriptors@^1.0.0
│  ├─ has-proto@^1.0.1
│  ├─ has-symbols@^1.0.3
│  ├─ has@^1.0.3
│  ├─ internal-slot@^1.0.5
│  ├─ is-array-buffer@^3.0.2
│  ├─ is-callable@^1.2.7
│  ├─ is-negative-zero@^2.0.2
│  ├─ is-regex@^1.1.4
│  ├─ is-shared-array-buffer@^1.0.2
│  ├─ is-string@^1.0.7
│  ├─ is-typed-array@^1.1.10
│  ├─ is-weakref@^1.0.2
│  ├─ object-inspect@^1.12.3
│  ├─ object-keys@^1.1.1
│  ├─ object.assign@^4.1.4
│  ├─ regexp.prototype.flags@^1.4.3
│  ├─ safe-regex-test@^1.0.0
│  ├─ string.prototype.trim@^1.2.7
│  ├─ string.prototype.trimend@^1.0.6
│  ├─ string.prototype.trimstart@^1.0.6
│  ├─ typed-array-length@^1.0.4
│  ├─ unbox-primitive@^1.0.2
│  └─ which-typed-array@^1.1.9
├─ es-set-tostringtag@2.0.1
│  ├─ get-intrinsic@^1.1.3
│  ├─ has-tostringtag@^1.0.0
│  └─ has@^1.0.3
├─ es-shim-unscopables@1.0.0
│  └─ has@^1.0.3
├─ es-to-primitive@1.2.1
│  ├─ is-callable@^1.1.4
│  ├─ is-date-object@^1.0.1
│  └─ is-symbol@^1.0.2
├─ escalade@3.1.1
├─ escape-html@1.0.3
├─ escape-string-regexp@4.0.0
├─ escodegen@2.0.0
│  ├─ esprima@^4.0.1
│  ├─ estraverse@^5.2.0
│  ├─ esutils@^2.0.2
│  ├─ levn@0.3.0
│  │  ├─ prelude-ls@~1.1.2
│  │  └─ type-check@~0.3.2
│  ├─ optionator@^0.8.1
│  ├─ optionator@0.8.3
│  │  ├─ deep-is@~0.1.3
│  │  ├─ fast-levenshtein@~2.0.6
│  │  ├─ levn@~0.3.0
│  │  ├─ prelude-ls@~1.1.2
│  │  ├─ type-check@~0.3.2
│  │  └─ word-wrap@~1.2.3
│  └─ source-map@~0.6.1
├─ eslint-config-prettier@6.15.0
│  └─ get-stdin@^6.0.0
├─ eslint-config-satya164@3.1.12
│  ├─ @babel/core@^7.18.2
│  ├─ @babel/eslint-parser@^7.18.2
│  ├─ @typescript-eslint/eslint-plugin@^5.26.0
│  ├─ @typescript-eslint/parser@^5.26.0
│  ├─ eslint-config-prettier@^8.5.0
│  ├─ eslint-config-prettier@8.8.0
│  ├─ eslint-plugin-babel@^5.3.1
│  ├─ eslint-plugin-eslint-comments@^3.2.0
│  ├─ eslint-plugin-flowtype@^8.0.3
│  ├─ eslint-plugin-flowtype@8.0.3
│  │  ├─ lodash@^4.17.21
│  │  └─ string-natural-compare@^3.0.1
│  ├─ eslint-plugin-import@^2.26.0
│  ├─ eslint-plugin-jest@^27.1.6
│  ├─ eslint-plugin-jest@27.2.1
│  │  └─ @typescript-eslint/utils@^5.10.0
│  ├─ eslint-plugin-prettier@^4.0.0
│  ├─ eslint-plugin-prettier@4.2.1
│  │  └─ prettier-linter-helpers@^1.0.0
│  ├─ eslint-plugin-react-hooks@^4.5.0
│  ├─ eslint-plugin-react-native@^4.0.0
│  ├─ eslint-plugin-react-native@4.0.0
│  │  ├─ @babel/traverse@^7.7.4
│  │  └─ eslint-plugin-react-native-globals@^0.1.1
│  └─ eslint-plugin-react@^7.30.0
├─ eslint-import-resolver-node@0.3.7
│  ├─ debug@^3.2.7
│  ├─ debug@3.2.7
│  │  └─ ms@^2.1.1
│  ├─ is-core-module@^2.11.0
│  └─ resolve@^1.22.1
├─ eslint-module-utils@2.8.0
│  ├─ debug@^3.2.7
│  └─ debug@3.2.7
│     └─ ms@^2.1.1
├─ eslint-plugin-babel@5.3.1
│  └─ eslint-rule-composer@^0.3.0
├─ eslint-plugin-eslint-comments@3.2.0
│  ├─ escape-string-regexp@^1.0.5
│  ├─ escape-string-regexp@1.0.5
│  └─ ignore@^5.0.5
├─ eslint-plugin-flowtype@2.50.3
│  └─ lodash@^4.17.10
├─ eslint-plugin-import@2.27.5
│  ├─ array-includes@^3.1.6
│  ├─ array.prototype.flat@^1.3.1
│  ├─ array.prototype.flatmap@^1.3.1
│  ├─ debug@^3.2.7
│  ├─ debug@3.2.7
│  │  └─ ms@^2.1.1
│  ├─ doctrine@^2.1.0
│  ├─ eslint-import-resolver-node@^0.3.7
│  ├─ eslint-module-utils@^2.7.4
│  ├─ has@^1.0.3
│  ├─ is-core-module@^2.11.0
│  ├─ is-glob@^4.0.3
│  ├─ minimatch@^3.1.2
│  ├─ object.values@^1.1.6
│  ├─ resolve@^1.22.1
│  ├─ semver@^6.3.0
│  └─ tsconfig-paths@^3.14.1
├─ eslint-plugin-jest@22.4.1
├─ eslint-plugin-prettier@3.1.2
│  └─ prettier-linter-helpers@^1.0.0
├─ eslint-plugin-react-hooks@4.6.0
├─ eslint-plugin-react-native-globals@0.1.2
├─ eslint-plugin-react-native@3.11.0
│  ├─ @babel/traverse@^7.7.4
│  └─ eslint-plugin-react-native-globals@^0.1.1
├─ eslint-plugin-react@7.32.2
│  ├─ array-includes@^3.1.6
│  ├─ array.prototype.flatmap@^1.3.1
│  ├─ array.prototype.tosorted@^1.1.1
│  ├─ doctrine@^2.1.0
│  ├─ estraverse@^5.3.0
│  ├─ jsx-ast-utils@^2.4.1 || ^3.0.0
│  ├─ minimatch@^3.1.2
│  ├─ object.entries@^1.1.6
│  ├─ object.fromentries@^2.0.6
│  ├─ object.hasown@^1.1.2
│  ├─ object.values@^1.1.6
│  ├─ prop-types@^15.8.1
│  ├─ resolve@^2.0.0-next.4
│  ├─ resolve@2.0.0-next.4
│  │  ├─ is-core-module@^2.9.0
│  │  ├─ path-parse@^1.0.7
│  │  └─ supports-preserve-symlinks-flag@^1.0.0
│  ├─ semver@^6.3.0
│  └─ string.prototype.matchall@^4.0.8
├─ eslint-rule-composer@0.3.0
├─ eslint-scope@5.1.1
│  ├─ esrecurse@^4.3.0
│  ├─ estraverse@^4.1.1
│  └─ estraverse@4.3.0
├─ eslint-utils@2.1.0
│  └─ eslint-visitor-keys@^1.1.0
├─ eslint-visitor-keys@1.3.0
├─ eslint@7.32.0
│  ├─ @babel/code-frame@7.12.11
│  ├─ @babel/code-frame@7.12.11
│  │  └─ @babel/highlight@^7.10.4
│  ├─ @eslint/eslintrc@^0.4.3
│  ├─ @humanwhocodes/config-array@^0.5.0
│  ├─ ajv@^6.10.0
│  ├─ chalk@^4.0.0
│  ├─ cross-spawn@^7.0.2
│  ├─ debug@^4.0.1
│  ├─ doctrine@^3.0.0
│  ├─ doctrine@3.0.0
│  │  └─ esutils@^2.0.2
│  ├─ enquirer@^2.3.5
│  ├─ escape-string-regexp@^4.0.0
│  ├─ eslint-scope@^5.1.1
│  ├─ eslint-utils@^2.1.0
│  ├─ eslint-visitor-keys@^2.0.0
│  ├─ eslint-visitor-keys@2.1.0
│  ├─ espree@^7.3.1
│  ├─ esquery@^1.4.0
│  ├─ esutils@^2.0.2
│  ├─ fast-deep-equal@^3.1.3
│  ├─ file-entry-cache@^6.0.1
│  ├─ functional-red-black-tree@^1.0.1
│  ├─ glob-parent@^5.1.2
│  ├─ globals@^13.6.0
│  ├─ globals@13.20.0
│  │  └─ type-fest@^0.20.2
│  ├─ ignore@^4.0.6
│  ├─ ignore@4.0.6
│  ├─ import-fresh@^3.0.0
│  ├─ imurmurhash@^0.1.4
│  ├─ is-glob@^4.0.0
│  ├─ js-yaml@^3.13.1
│  ├─ json-stable-stringify-without-jsonify@^1.0.1
│  ├─ levn@^0.4.1
│  ├─ lodash.merge@^4.6.2
│  ├─ lru-cache@6.0.0
│  │  └─ yallist@^4.0.0
│  ├─ minimatch@^3.0.4
│  ├─ natural-compare@^1.4.0
│  ├─ optionator@^0.9.1
│  ├─ progress@^2.0.0
│  ├─ regexpp@^3.1.0
│  ├─ semver@^7.2.1
│  ├─ semver@7.5.0
│  │  └─ lru-cache@^6.0.0
│  ├─ strip-ansi@^6.0.0
│  ├─ strip-json-comments@^3.1.0
│  ├─ table@^6.0.9
│  ├─ text-table@^0.2.0
│  ├─ v8-compile-cache@^2.0.3
│  └─ yallist@4.0.0
├─ espree@7.3.1
│  ├─ acorn-jsx@^5.3.1
│  ├─ acorn@^7.4.0
│  └─ eslint-visitor-keys@^1.3.0
├─ esprima@4.0.1
├─ esquery@1.5.0
│  └─ estraverse@^5.1.0
├─ esrecurse@4.3.0
│  └─ estraverse@^5.2.0
├─ estraverse@5.3.0
├─ esutils@2.0.3
├─ etag@1.8.1
├─ event-target-shim@5.0.1
├─ exec-sh@0.3.6
├─ execa@1.0.0
│  ├─ cross-spawn@^6.0.0
│  ├─ cross-spawn@6.0.5
│  │  ├─ nice-try@^1.0.4
│  │  ├─ path-key@^2.0.1
│  │  ├─ semver@^5.5.0
│  │  ├─ shebang-command@^1.2.0
│  │  └─ which@^1.2.9
│  ├─ get-stream@^4.0.0
│  ├─ is-stream@^1.1.0
│  ├─ npm-run-path@^2.0.0
│  ├─ p-finally@^1.0.0
│  ├─ semver@5.7.1
│  ├─ shebang-command@1.2.0
│  │  └─ shebang-regex@^1.0.0
│  ├─ shebang-regex@1.0.0
│  ├─ signal-exit@^3.0.0
│  ├─ strip-eof@^1.0.0
│  └─ which@1.3.1
│     └─ isexe@^2.0.0
├─ exit@0.1.2
├─ expand-brackets@2.1.4
│  ├─ debug@^2.3.3
│  ├─ debug@2.6.9
│  │  └─ ms@2.0.0
│  ├─ define-property@^0.2.5
│  ├─ extend-shallow@^2.0.1
│  ├─ ms@2.0.0
│  ├─ posix-character-classes@^0.1.0
│  ├─ regex-not@^1.0.0
│  ├─ snapdragon@^0.8.1
│  └─ to-regex@^3.0.1
├─ expect@26.6.2
│  ├─ @jest/types@^26.6.2
│  ├─ ansi-styles@^4.0.0
│  ├─ jest-get-type@^26.3.0
│  ├─ jest-matcher-utils@^26.6.2
│  ├─ jest-message-util@^26.6.2
│  └─ jest-regex-util@^26.0.0
├─ extend-shallow@2.0.1
│  └─ is-extendable@^0.1.0
├─ extglob@2.0.4
│  ├─ array-unique@^0.3.2
│  ├─ define-property@^1.0.0
│  ├─ define-property@1.0.0
│  │  └─ is-descriptor@^1.0.0
│  ├─ expand-brackets@^2.1.4
│  ├─ extend-shallow@^2.0.1
│  ├─ fragment-cache@^0.2.1
│  ├─ regex-not@^1.0.0
│  ├─ snapdragon@^0.8.1
│  └─ to-regex@^3.0.1
├─ fast-deep-equal@3.1.3
├─ fast-diff@1.2.0
├─ fast-glob@3.2.12
│  ├─ @nodelib/fs.stat@^2.0.2
│  ├─ @nodelib/fs.walk@^1.2.3
│  ├─ glob-parent@^5.1.2
│  ├─ merge2@^1.3.0
│  └─ micromatch@^4.0.4
├─ fast-json-stable-stringify@2.1.0
├─ fast-levenshtein@2.0.6
├─ fastq@1.15.0
│  └─ reusify@^1.0.4
├─ fb-watchman@2.0.2
│  └─ bser@2.1.1
├─ file-entry-cache@6.0.1
│  └─ flat-cache@^3.0.4
├─ fill-range@7.0.1
│  └─ to-regex-range@^5.0.1
├─ filter-obj@1.1.0
├─ finalhandler@1.1.2
│  ├─ debug@2.6.9
│  ├─ debug@2.6.9
│  │  └─ ms@2.0.0
│  ├─ encodeurl@~1.0.2
│  ├─ escape-html@~1.0.3
│  ├─ ms@2.0.0
│  ├─ on-finished@~2.3.0
│  ├─ on-finished@2.3.0
│  │  └─ ee-first@1.1.1
│  ├─ parseurl@~1.3.3
│  ├─ statuses@~1.5.0
│  ├─ statuses@1.5.0
│  └─ unpipe@~1.0.0
├─ find-cache-dir@2.1.0
│  ├─ commondir@^1.0.1
│  ├─ find-up@3.0.0
│  │  └─ locate-path@^3.0.0
│  ├─ locate-path@3.0.0
│  │  ├─ p-locate@^3.0.0
│  │  └─ path-exists@^3.0.0
│  ├─ make-dir@^2.0.0
│  ├─ p-locate@3.0.0
│  │  └─ p-limit@^2.0.0
│  ├─ path-exists@3.0.0
│  ├─ pkg-dir@^3.0.0
│  └─ pkg-dir@3.0.0
│     └─ find-up@^3.0.0
├─ find-up@4.1.0
│  ├─ locate-path@^5.0.0
│  └─ path-exists@^4.0.0
├─ flat-cache@3.0.4
│  ├─ flatted@^3.1.0
│  ├─ rimraf@^3.0.2
│  └─ rimraf@3.0.2
│     └─ glob@^7.1.3
├─ flatted@3.2.7
├─ flow-parser@0.121.0
├─ for-each@0.3.3
│  └─ is-callable@^1.1.3
├─ for-in@1.0.2
├─ form-data@3.0.1
│  ├─ asynckit@^0.4.0
│  ├─ combined-stream@^1.0.8
│  └─ mime-types@^2.1.12
├─ fragment-cache@0.2.1
│  └─ map-cache@^0.2.2
├─ fresh@0.5.2
├─ fs-extra@8.1.0
│  ├─ graceful-fs@^4.2.0
│  ├─ jsonfile@^4.0.0
│  └─ universalify@^0.1.0
├─ fs.realpath@1.0.0
├─ fsevents@2.3.2
├─ function-bind@1.1.1
├─ function.prototype.name@1.1.5
│  ├─ call-bind@^1.0.2
│  ├─ define-properties@^1.1.3
│  ├─ es-abstract@^1.19.0
│  └─ functions-have-names@^1.2.2
├─ functional-red-black-tree@1.0.1
├─ functions-have-names@1.2.3
├─ gensync@1.0.0-beta.2
├─ get-caller-file@2.0.5
├─ get-intrinsic@1.2.0
│  ├─ function-bind@^1.1.1
│  ├─ has-symbols@^1.0.3
│  └─ has@^1.0.3
├─ get-package-type@0.1.0
├─ get-stdin@6.0.0
├─ get-stream@4.1.0
│  └─ pump@^3.0.0
├─ get-symbol-description@1.0.0
│  ├─ call-bind@^1.0.2
│  └─ get-intrinsic@^1.1.1
├─ get-value@2.0.6
├─ glob-parent@5.1.2
│  └─ is-glob@^4.0.1
├─ glob@7.2.3
│  ├─ fs.realpath@^1.0.0
│  ├─ inflight@^1.0.4
│  ├─ inherits@2
│  ├─ minimatch@^3.1.1
│  ├─ once@^1.3.0
│  └─ path-is-absolute@^1.0.0
├─ globals@11.12.0
├─ globalthis@1.0.3
│  └─ define-properties@^1.1.3
├─ globby@11.1.0
│  ├─ array-union@^2.1.0
│  ├─ dir-glob@^3.0.1
│  ├─ fast-glob@^3.2.9
│  ├─ ignore@^5.2.0
│  ├─ merge2@^1.4.1
│  └─ slash@^3.0.0
├─ gopd@1.0.1
│  └─ get-intrinsic@^1.1.3
├─ graceful-fs@4.2.11
├─ grapheme-splitter@1.0.4
├─ growly@1.3.0
├─ has-bigints@1.0.2
├─ has-flag@4.0.0
├─ has-property-descriptors@1.0.0
│  └─ get-intrinsic@^1.1.1
├─ has-proto@1.0.1
├─ has-symbols@1.0.3
├─ has-tostringtag@1.0.0
│  └─ has-symbols@^1.0.2
├─ has-value@1.0.0
│  ├─ get-value@^2.0.6
│  ├─ has-values@^1.0.0
│  └─ isobject@^3.0.0
├─ has-values@1.0.0
│  ├─ is-number@^3.0.0
│  ├─ kind-of@^4.0.0
│  └─ kind-of@4.0.0
│     └─ is-buffer@^1.1.5
├─ has@1.0.3
│  └─ function-bind@^1.1.1
├─ hermes-estree@0.8.0
├─ hermes-parser@0.8.0
│  └─ hermes-estree@0.8.0
├─ hermes-profile-transformer@0.0.6
│  ├─ source-map@^0.7.3
│  └─ source-map@0.7.4
├─ hoist-non-react-statics@3.3.2
│  └─ react-is@^16.7.0
├─ hosted-git-info@2.8.9
├─ html-encoding-sniffer@2.0.1
│  └─ whatwg-encoding@^1.0.5
├─ html-escaper@2.0.2
├─ http-errors@2.0.0
│  ├─ depd@2.0.0
│  ├─ inherits@2.0.4
│  ├─ setprototypeof@1.2.0
│  ├─ statuses@2.0.1
│  └─ toidentifier@1.0.1
├─ http-proxy-agent@4.0.1
│  ├─ @tootallnate/once@1
│  ├─ agent-base@6
│  └─ debug@4
├─ https-proxy-agent@5.0.1
│  ├─ agent-base@6
│  └─ debug@4
├─ human-signals@1.1.1
├─ iconv-lite@0.4.24
│  └─ safer-buffer@>= 2.1.2 < 3
├─ ieee754@1.2.1
├─ ignore@5.2.4
├─ image-size@0.6.3
├─ import-fresh@3.3.0
│  ├─ parent-module@^1.0.0
│  ├─ resolve-from@^4.0.0
│  └─ resolve-from@4.0.0
├─ import-local@3.1.0
│  ├─ pkg-dir@^4.2.0
│  └─ resolve-cwd@^3.0.0
├─ imurmurhash@0.1.4
├─ inflight@1.0.6
│  ├─ once@^1.3.0
│  └─ wrappy@1
├─ inherits@2.0.4
├─ internal-slot@1.0.5
│  ├─ get-intrinsic@^1.2.0
│  ├─ has@^1.0.3
│  └─ side-channel@^1.0.4
├─ invariant@2.2.4
│  └─ loose-envify@^1.0.0
├─ ip@1.1.8
├─ is-accessor-descriptor@1.0.0
│  └─ kind-of@^6.0.0
├─ is-array-buffer@3.0.2
│  ├─ call-bind@^1.0.2
│  ├─ get-intrinsic@^1.2.0
│  └─ is-typed-array@^1.1.10
├─ is-arrayish@0.3.2
├─ is-bigint@1.0.4
│  └─ has-bigints@^1.0.1
├─ is-boolean-object@1.1.2
│  ├─ call-bind@^1.0.2
│  └─ has-tostringtag@^1.0.0
├─ is-buffer@1.1.6
├─ is-callable@1.2.7
├─ is-ci@2.0.0
│  └─ ci-info@^2.0.0
├─ is-core-module@2.12.0
│  └─ has@^1.0.3
├─ is-data-descriptor@1.0.0
│  └─ kind-of@^6.0.0
├─ is-date-object@1.0.5
│  └─ has-tostringtag@^1.0.0
├─ is-descriptor@1.0.2
│  ├─ is-accessor-descriptor@^1.0.0
│  ├─ is-data-descriptor@^1.0.0
│  └─ kind-of@^6.0.2
├─ is-directory@0.3.1
├─ is-docker@2.2.1
├─ is-extendable@0.1.1
├─ is-extglob@2.1.1
├─ is-fullwidth-code-point@3.0.0
├─ is-generator-fn@2.1.0
├─ is-glob@4.0.3
│  └─ is-extglob@^2.1.1
├─ is-interactive@1.0.0
├─ is-negative-zero@2.0.2
├─ is-number-object@1.0.7
│  └─ has-tostringtag@^1.0.0
├─ is-number@3.0.0
│  ├─ kind-of@^3.0.2
│  └─ kind-of@3.2.2
│     └─ is-buffer@^1.1.5
├─ is-plain-obj@2.1.0
├─ is-plain-object@2.0.4
│  └─ isobject@^3.0.1
├─ is-potential-custom-element-name@1.0.1
├─ is-regex@1.1.4
│  ├─ call-bind@^1.0.2
│  └─ has-tostringtag@^1.0.0
├─ is-shared-array-buffer@1.0.2
│  └─ call-bind@^1.0.2
├─ is-stream@1.1.0
├─ is-string@1.0.7
│  └─ has-tostringtag@^1.0.0
├─ is-symbol@1.0.4
│  └─ has-symbols@^1.0.2
├─ is-typed-array@1.1.10
│  ├─ available-typed-arrays@^1.0.5
│  ├─ call-bind@^1.0.2
│  ├─ for-each@^0.3.3
│  ├─ gopd@^1.0.1
│  └─ has-tostringtag@^1.0.0
├─ is-typedarray@1.0.0
├─ is-unicode-supported@0.1.0
├─ is-weakref@1.0.2
│  └─ call-bind@^1.0.2
├─ is-windows@1.0.2
├─ is-wsl@1.1.0
├─ isarray@1.0.0
├─ isexe@2.0.0
├─ isobject@3.0.1
├─ istanbul-lib-coverage@3.2.0
├─ istanbul-lib-instrument@5.2.1
│  ├─ @babel/core@^7.12.3
│  ├─ @babel/parser@^7.14.7
│  ├─ @istanbuljs/schema@^0.1.2
│  ├─ istanbul-lib-coverage@^3.2.0
│  └─ semver@^6.3.0
├─ istanbul-lib-report@3.0.0
│  ├─ istanbul-lib-coverage@^3.0.0
│  ├─ make-dir@^3.0.0
│  ├─ make-dir@3.1.0
│  │  └─ semver@^6.0.0
│  └─ supports-color@^7.1.0
├─ istanbul-lib-source-maps@4.0.1
│  ├─ debug@^4.1.1
│  ├─ istanbul-lib-coverage@^3.0.0
│  └─ source-map@^0.6.1
├─ istanbul-reports@3.1.5
│  ├─ html-escaper@^2.0.0
│  └─ istanbul-lib-report@^3.0.0
├─ jest-changed-files@26.6.2
│  ├─ @jest/types@^26.6.2
│  ├─ execa@^4.0.0
│  ├─ execa@4.1.0
│  │  ├─ cross-spawn@^7.0.0
│  │  ├─ get-stream@^5.0.0
│  │  ├─ human-signals@^1.1.1
│  │  ├─ is-stream@^2.0.0
│  │  ├─ merge-stream@^2.0.0
│  │  ├─ npm-run-path@^4.0.0
│  │  ├─ onetime@^5.1.0
│  │  ├─ signal-exit@^3.0.2
│  │  └─ strip-final-newline@^2.0.0
│  ├─ get-stream@5.2.0
│  │  └─ pump@^3.0.0
│  ├─ is-stream@2.0.1
│  ├─ npm-run-path@4.0.1
│  │  └─ path-key@^3.0.0
│  ├─ path-key@3.1.1
│  └─ throat@^5.0.0
├─ jest-cli@26.6.3
│  ├─ @jest/core@^26.6.3
│  ├─ @jest/test-result@^26.6.2
│  ├─ @jest/types@^26.6.2
│  ├─ chalk@^4.0.0
│  ├─ exit@^0.1.2
│  ├─ graceful-fs@^4.2.4
│  ├─ import-local@^3.0.2
│  ├─ is-ci@^2.0.0
│  ├─ jest-config@^26.6.3
│  ├─ jest-util@^26.6.2
│  ├─ jest-validate@^26.6.2
│  ├─ prompts@^2.0.1
│  └─ yargs@^15.4.1
├─ jest-config@26.6.3
│  ├─ @babel/core@^7.1.0
│  ├─ @jest/test-sequencer@^26.6.3
│  ├─ @jest/types@^26.6.2
│  ├─ babel-jest@^26.6.3
│  ├─ chalk@^4.0.0
│  ├─ deepmerge@^4.2.2
│  ├─ deepmerge@4.3.1
│  ├─ glob@^7.1.1
│  ├─ graceful-fs@^4.2.4
│  ├─ jest-environment-jsdom@^26.6.2
│  ├─ jest-environment-node@^26.6.2
│  ├─ jest-get-type@^26.3.0
│  ├─ jest-jasmine2@^26.6.3
│  ├─ jest-regex-util@^26.0.0
│  ├─ jest-resolve@^26.6.2
│  ├─ jest-util@^26.6.2
│  ├─ jest-validate@^26.6.2
│  ├─ micromatch@^4.0.2
│  └─ pretty-format@^26.6.2
├─ jest-diff@26.6.2
│  ├─ chalk@^4.0.0
│  ├─ diff-sequences@^26.6.2
│  ├─ jest-get-type@^26.3.0
│  └─ pretty-format@^26.6.2
├─ jest-docblock@26.0.0
│  └─ detect-newline@^3.0.0
├─ jest-each@26.6.2
│  ├─ @jest/types@^26.6.2
│  ├─ chalk@^4.0.0
│  ├─ jest-get-type@^26.3.0
│  ├─ jest-util@^26.6.2
│  └─ pretty-format@^26.6.2
├─ jest-environment-jsdom@26.6.2
│  ├─ @jest/environment@^26.6.2
│  ├─ @jest/fake-timers@^26.6.2
│  ├─ @jest/types@^26.6.2
│  ├─ @types/node@*
│  ├─ jest-mock@^26.6.2
│  ├─ jest-util@^26.6.2
│  └─ jsdom@^16.4.0
├─ jest-environment-node@26.6.2
│  ├─ @jest/environment@^26.6.2
│  ├─ @jest/fake-timers@^26.6.2
│  ├─ @jest/types@^26.6.2
│  ├─ @types/node@*
│  ├─ jest-mock@^26.6.2
│  └─ jest-util@^26.6.2
├─ jest-get-type@26.3.0
├─ jest-haste-map@26.6.2
│  ├─ @jest/types@^26.6.2
│  ├─ @types/graceful-fs@^4.1.2
│  ├─ @types/node@*
│  ├─ anymatch@^3.0.3
│  ├─ fb-watchman@^2.0.0
│  ├─ fsevents@^2.1.2
│  ├─ graceful-fs@^4.2.4
│  ├─ jest-regex-util@^26.0.0
│  ├─ jest-serializer@^26.6.2
│  ├─ jest-util@^26.6.2
│  ├─ jest-worker@^26.6.2
│  ├─ micromatch@^4.0.2
│  ├─ sane@^4.0.3
│  └─ walker@^1.0.7
├─ jest-jasmine2@26.6.3
│  ├─ @babel/traverse@^7.1.0
│  ├─ @jest/environment@^26.6.2
│  ├─ @jest/source-map@^26.6.2
│  ├─ @jest/test-result@^26.6.2
│  ├─ @jest/types@^26.6.2
│  ├─ @types/node@*
│  ├─ chalk@^4.0.0
│  ├─ co@^4.6.0
│  ├─ expect@^26.6.2
│  ├─ is-generator-fn@^2.0.0
│  ├─ jest-each@^26.6.2
│  ├─ jest-matcher-utils@^26.6.2
│  ├─ jest-message-util@^26.6.2
│  ├─ jest-runtime@^26.6.3
│  ├─ jest-snapshot@^26.6.2
│  ├─ jest-util@^26.6.2
│  ├─ pretty-format@^26.6.2
│  └─ throat@^5.0.0
├─ jest-leak-detector@26.6.2
│  ├─ jest-get-type@^26.3.0
│  └─ pretty-format@^26.6.2
├─ jest-matcher-utils@26.6.2
│  ├─ chalk@^4.0.0
│  ├─ jest-diff@^26.6.2
│  ├─ jest-get-type@^26.3.0
│  └─ pretty-format@^26.6.2
├─ jest-message-util@26.6.2
│  ├─ @babel/code-frame@^7.0.0
│  ├─ @jest/types@^26.6.2
│  ├─ @types/stack-utils@^2.0.0
│  ├─ chalk@^4.0.0
│  ├─ graceful-fs@^4.2.4
│  ├─ micromatch@^4.0.2
│  ├─ pretty-format@^26.6.2
│  ├─ slash@^3.0.0
│  └─ stack-utils@^2.0.2
├─ jest-mock@26.6.2
│  ├─ @jest/types@^26.6.2
│  └─ @types/node@*
├─ jest-pnp-resolver@1.2.3
├─ jest-regex-util@26.0.0
├─ jest-resolve-dependencies@26.6.3
│  ├─ @jest/types@^26.6.2
│  ├─ jest-regex-util@^26.0.0
│  └─ jest-snapshot@^26.6.2
├─ jest-resolve@26.6.2
│  ├─ @jest/types@^26.6.2
│  ├─ chalk@^4.0.0
│  ├─ graceful-fs@^4.2.4
│  ├─ jest-pnp-resolver@^1.2.2
│  ├─ jest-util@^26.6.2
│  ├─ read-pkg-up@^7.0.1
│  ├─ resolve@^1.18.1
│  └─ slash@^3.0.0
├─ jest-runner@26.6.3
│  ├─ @jest/console@^26.6.2
│  ├─ @jest/environment@^26.6.2
│  ├─ @jest/test-result@^26.6.2
│  ├─ @jest/types@^26.6.2
│  ├─ @types/node@*
│  ├─ chalk@^4.0.0
│  ├─ emittery@^0.7.1
│  ├─ exit@^0.1.2
│  ├─ graceful-fs@^4.2.4
│  ├─ jest-config@^26.6.3
│  ├─ jest-docblock@^26.0.0
│  ├─ jest-haste-map@^26.6.2
│  ├─ jest-leak-detector@^26.6.2
│  ├─ jest-message-util@^26.6.2
│  ├─ jest-resolve@^26.6.2
│  ├─ jest-runtime@^26.6.3
│  ├─ jest-util@^26.6.2
│  ├─ jest-worker@^26.6.2
│  ├─ source-map-support@^0.5.6
│  └─ throat@^5.0.0
├─ jest-runtime@26.6.3
│  ├─ @jest/console@^26.6.2
│  ├─ @jest/environment@^26.6.2
│  ├─ @jest/fake-timers@^26.6.2
│  ├─ @jest/globals@^26.6.2
│  ├─ @jest/source-map@^26.6.2
│  ├─ @jest/test-result@^26.6.2
│  ├─ @jest/transform@^26.6.2
│  ├─ @jest/types@^26.6.2
│  ├─ @types/yargs@^15.0.0
│  ├─ chalk@^4.0.0
│  ├─ cjs-module-lexer@^0.6.0
│  ├─ collect-v8-coverage@^1.0.0
│  ├─ exit@^0.1.2
│  ├─ glob@^7.1.3
│  ├─ graceful-fs@^4.2.4
│  ├─ jest-config@^26.6.3
│  ├─ jest-haste-map@^26.6.2
│  ├─ jest-message-util@^26.6.2
│  ├─ jest-mock@^26.6.2
│  ├─ jest-regex-util@^26.0.0
│  ├─ jest-resolve@^26.6.2
│  ├─ jest-snapshot@^26.6.2
│  ├─ jest-util@^26.6.2
│  ├─ jest-validate@^26.6.2
│  ├─ slash@^3.0.0
│  ├─ strip-bom@^4.0.0
│  └─ yargs@^15.4.1
├─ jest-serializer@26.6.2
│  ├─ @types/node@*
│  └─ graceful-fs@^4.2.4
├─ jest-snapshot@26.6.2
│  ├─ @babel/types@^7.0.0
│  ├─ @jest/types@^26.6.2
│  ├─ @types/babel__traverse@^7.0.4
│  ├─ @types/prettier@^2.0.0
│  ├─ chalk@^4.0.0
│  ├─ expect@^26.6.2
│  ├─ graceful-fs@^4.2.4
│  ├─ jest-diff@^26.6.2
│  ├─ jest-get-type@^26.3.0
│  ├─ jest-haste-map@^26.6.2
│  ├─ jest-matcher-utils@^26.6.2
│  ├─ jest-message-util@^26.6.2
│  ├─ jest-resolve@^26.6.2
│  ├─ lru-cache@6.0.0
│  │  └─ yallist@^4.0.0
│  ├─ natural-compare@^1.4.0
│  ├─ pretty-format@^26.6.2
│  ├─ semver@^7.3.2
│  ├─ semver@7.5.0
│  │  └─ lru-cache@^6.0.0
│  └─ yallist@4.0.0
├─ jest-util@26.6.2
│  ├─ @jest/types@^26.6.2
│  ├─ @types/node@*
│  ├─ chalk@^4.0.0
│  ├─ graceful-fs@^4.2.4
│  ├─ is-ci@^2.0.0
│  └─ micromatch@^4.0.2
├─ jest-validate@26.6.2
│  ├─ @jest/types@^26.6.2
│  ├─ camelcase@^6.0.0
│  ├─ camelcase@6.3.0
│  ├─ chalk@^4.0.0
│  ├─ jest-get-type@^26.3.0
│  ├─ leven@^3.1.0
│  └─ pretty-format@^26.6.2
├─ jest-watcher@26.6.2
│  ├─ @jest/test-result@^26.6.2
│  ├─ @jest/types@^26.6.2
│  ├─ @types/node@*
│  ├─ ansi-escapes@^4.2.1
│  ├─ chalk@^4.0.0
│  ├─ jest-util@^26.6.2
│  └─ string-length@^4.0.1
├─ jest-worker@26.6.2
│  ├─ @types/node@*
│  ├─ merge-stream@^2.0.0
│  └─ supports-color@^7.0.0
├─ jest@26.6.3
│  ├─ @jest/core@^26.6.3
│  ├─ import-local@^3.0.2
│  └─ jest-cli@^26.6.3
├─ joi@17.9.1
│  ├─ @hapi/hoek@^9.0.0
│  ├─ @hapi/topo@^5.0.0
│  ├─ @sideway/address@^4.1.3
│  ├─ @sideway/formula@^3.0.1
│  └─ @sideway/pinpoint@^2.0.0
├─ js-tokens@4.0.0
├─ js-yaml@3.14.1
│  ├─ argparse@^1.0.7
│  └─ esprima@^4.0.0
├─ jsc-android@250230.2.1
├─ jscodeshift@0.13.1
│  ├─ @babel/core@^7.13.16
│  ├─ @babel/parser@^7.13.16
│  ├─ @babel/plugin-proposal-class-properties@^7.13.0
│  ├─ @babel/plugin-proposal-nullish-coalescing-operator@^7.13.8
│  ├─ @babel/plugin-proposal-optional-chaining@^7.13.12
│  ├─ @babel/plugin-transform-modules-commonjs@^7.13.8
│  ├─ @babel/preset-flow@^7.13.13
│  ├─ @babel/preset-typescript@^7.13.0
│  ├─ @babel/register@^7.13.16
│  ├─ babel-core@^7.0.0-bridge.0
│  ├─ braces@2.3.2
│  │  ├─ arr-flatten@^1.1.0
│  │  ├─ array-unique@^0.3.2
│  │  ├─ extend-shallow@^2.0.1
│  │  ├─ extend-shallow@2.0.1
│  │  │  └─ is-extendable@^0.1.0
│  │  ├─ fill-range@^4.0.0
│  │  ├─ is-extendable@0.1.1
│  │  ├─ isobject@^3.0.1
│  │  ├─ repeat-element@^1.1.2
│  │  ├─ snapdragon-node@^2.0.1
│  │  ├─ snapdragon@^0.8.1
│  │  ├─ split-string@^3.0.2
│  │  └─ to-regex@^3.0.1
│  ├─ chalk@^4.1.2
│  ├─ define-property@2.0.2
│  │  ├─ is-descriptor@^1.0.2
│  │  └─ isobject@^3.0.1
│  ├─ extend-shallow@3.0.2
│  │  ├─ assign-symbols@^1.0.0
│  │  └─ is-extendable@^1.0.1
│  ├─ fill-range@4.0.0
│  │  ├─ extend-shallow@^2.0.1
│  │  ├─ extend-shallow@2.0.1
│  │  │  └─ is-extendable@^0.1.0
│  │  ├─ is-extendable@0.1.1
│  │  ├─ is-number@^3.0.0
│  │  ├─ repeat-string@^1.6.1
│  │  └─ to-regex-range@^2.1.0
│  ├─ flow-parser@0.*
│  ├─ flow-parser@0.204.0
│  ├─ graceful-fs@^4.2.4
│  ├─ is-extendable@1.0.1
│  │  └─ is-plain-object@^2.0.4
│  ├─ micromatch@^3.1.10
│  ├─ micromatch@3.1.10
│  │  ├─ arr-diff@^4.0.0
│  │  ├─ array-unique@^0.3.2
│  │  ├─ braces@^2.3.1
│  │  ├─ define-property@^2.0.2
│  │  ├─ extend-shallow@^3.0.2
│  │  ├─ extglob@^2.0.4
│  │  ├─ fragment-cache@^0.2.1
│  │  ├─ kind-of@^6.0.2
│  │  ├─ nanomatch@^1.2.9
│  │  ├─ object.pick@^1.3.0
│  │  ├─ regex-not@^1.0.0
│  │  ├─ snapdragon@^0.8.1
│  │  └─ to-regex@^3.0.2
│  ├─ neo-async@^2.5.0
│  ├─ node-dir@^0.1.17
│  ├─ recast@^0.20.4
│  ├─ temp@^0.8.4
│  ├─ to-regex-range@2.1.1
│  │  ├─ is-number@^3.0.0
│  │  └─ repeat-string@^1.6.1
│  ├─ write-file-atomic@^2.3.0
│  └─ write-file-atomic@2.4.3
│     ├─ graceful-fs@^4.1.11
│     ├─ imurmurhash@^0.1.4
│     └─ signal-exit@^3.0.2
├─ jsdom@16.7.0
│  ├─ abab@^2.0.5
│  ├─ acorn-globals@^6.0.0
│  ├─ acorn@^8.2.4
│  ├─ acorn@8.8.2
│  ├─ cssom@^0.4.4
│  ├─ cssstyle@^2.3.0
│  ├─ data-urls@^2.0.0
│  ├─ decimal.js@^10.2.1
│  ├─ domexception@^2.0.1
│  ├─ escodegen@^2.0.0
│  ├─ form-data@^3.0.0
│  ├─ html-encoding-sniffer@^2.0.1
│  ├─ http-proxy-agent@^4.0.1
│  ├─ https-proxy-agent@^5.0.0
│  ├─ is-potential-custom-element-name@^1.0.1
│  ├─ nwsapi@^2.2.0
│  ├─ parse5@6.0.1
│  ├─ saxes@^5.0.1
│  ├─ symbol-tree@^3.2.4
│  ├─ tough-cookie@^4.0.0
│  ├─ w3c-hr-time@^1.0.2
│  ├─ w3c-xmlserializer@^2.0.0
│  ├─ webidl-conversions@^6.1.0
│  ├─ whatwg-encoding@^1.0.5
│  ├─ whatwg-mimetype@^2.3.0
│  ├─ whatwg-url@^8.5.0
│  ├─ ws@^7.4.6
│  └─ xml-name-validator@^3.0.0
├─ jsesc@2.5.2
├─ json-parse-better-errors@1.0.2
├─ json-parse-even-better-errors@2.3.1
├─ json-schema-traverse@0.4.1
├─ json-stable-stringify-without-jsonify@1.0.1
├─ json5@2.2.3
├─ jsonfile@4.0.0
│  └─ graceful-fs@^4.1.6
├─ jsx-ast-utils@3.3.3
│  ├─ array-includes@^3.1.5
│  └─ object.assign@^4.1.3
├─ keymirror@0.1.1
├─ kind-of@6.0.3
├─ klaw@1.3.1
│  └─ graceful-fs@^4.1.9
├─ kleur@3.0.3
├─ leven@3.1.0
├─ levn@0.4.1
│  ├─ prelude-ls@^1.2.1
│  ├─ prelude-ls@1.2.1
│  ├─ type-check@~0.4.0
│  └─ type-check@0.4.0
│     └─ prelude-ls@^1.2.1
├─ lines-and-columns@1.2.4
├─ locate-path@5.0.0
│  └─ p-locate@^4.1.0
├─ lodash.debounce@4.0.8
├─ lodash.merge@4.6.2
├─ lodash.throttle@4.1.1
├─ lodash.truncate@4.4.2
├─ lodash@4.17.21
├─ log-symbols@4.1.0
│  ├─ chalk@^4.1.0
│  └─ is-unicode-supported@^0.1.0
├─ logkitty@0.7.1
│  ├─ ansi-fragments@^0.2.1
│  ├─ dayjs@^1.8.15
│  └─ yargs@^15.1.0
├─ loose-envify@1.4.0
│  └─ js-tokens@^3.0.0 || ^4.0.0
├─ lru-cache@5.1.1
│  └─ yallist@^3.0.2
├─ make-dir@2.1.0
│  ├─ pify@^4.0.1
│  ├─ semver@^5.6.0
│  └─ semver@5.7.1
├─ makeerror@1.0.12
│  └─ tmpl@1.0.5
├─ map-cache@0.2.2
├─ map-visit@1.0.0
│  └─ object-visit@^1.0.0
├─ memoize-one@5.2.1
├─ merge-options@3.0.4
│  └─ is-plain-obj@^2.1.0
├─ merge-stream@2.0.0
├─ merge2@1.4.1
├─ metro-babel-transformer@0.72.3
│  ├─ @babel/core@^7.14.0
│  ├─ hermes-parser@0.8.0
│  ├─ metro-source-map@0.72.3
│  └─ nullthrows@^1.1.1
├─ metro-cache-key@0.72.3
├─ metro-cache@0.72.3
│  ├─ metro-core@0.72.3
│  └─ rimraf@^2.5.4
├─ metro-config@0.72.3
│  ├─ cosmiconfig@^5.0.5
│  ├─ jest-validate@^26.5.2
│  ├─ metro-cache@0.72.3
│  ├─ metro-core@0.72.3
│  ├─ metro-runtime@0.72.3
│  └─ metro@0.72.3
├─ metro-core@0.72.3
│  ├─ lodash.throttle@^4.1.1
│  └─ metro-resolver@0.72.3
├─ metro-file-map@0.72.3
│  ├─ @jest/types@27.5.1
│  │  ├─ @types/istanbul-lib-coverage@^2.0.0
│  │  ├─ @types/istanbul-reports@^3.0.0
│  │  ├─ @types/node@*
│  │  ├─ @types/yargs@^16.0.0
│  │  └─ chalk@^4.0.0
│  ├─ @types/yargs@16.0.5
│  │  └─ @types/yargs-parser@*
│  ├─ abort-controller@^3.0.0
│  ├─ anymatch@^3.0.3
│  ├─ ci-info@3.8.0
│  ├─ debug@^2.2.0
│  ├─ debug@2.6.9
│  │  └─ ms@2.0.0
│  ├─ fb-watchman@^2.0.0
│  ├─ fsevents@^2.1.2
│  ├─ graceful-fs@^4.2.4
│  ├─ invariant@^2.2.4
│  ├─ jest-regex-util@^27.0.6
│  ├─ jest-regex-util@27.5.1
│  ├─ jest-serializer@^27.0.6
│  ├─ jest-serializer@27.5.1
│  │  ├─ @types/node@*
│  │  └─ graceful-fs@^4.2.9
│  ├─ jest-util@^27.2.0
│  ├─ jest-util@27.5.1
│  │  ├─ @jest/types@^27.5.1
│  │  ├─ @types/node@*
│  │  ├─ chalk@^4.0.0
│  │  ├─ ci-info@^3.2.0
│  │  ├─ graceful-fs@^4.2.9
│  │  └─ picomatch@^2.2.3
│  ├─ jest-worker@^27.2.0
│  ├─ jest-worker@27.5.1
│  │  ├─ @types/node@*
│  │  ├─ merge-stream@^2.0.0
│  │  └─ supports-color@^8.0.0
│  ├─ micromatch@^4.0.4
│  ├─ ms@2.0.0
│  ├─ supports-color@8.1.1
│  │  └─ has-flag@^4.0.0
│  └─ walker@^1.0.7
├─ metro-hermes-compiler@0.72.3
├─ metro-inspector-proxy@0.72.3
│  ├─ connect@^3.6.5
│  ├─ debug@^2.2.0
│  ├─ debug@2.6.9
│  │  └─ ms@2.0.0
│  ├─ ms@2.0.0
│  ├─ ws@^7.5.1
│  └─ yargs@^15.3.1
├─ metro-minify-uglify@0.72.3
│  └─ uglify-es@^3.1.9
├─ metro-react-native-babel-preset@0.72.3
│  ├─ @babel/core@^7.14.0
│  ├─ @babel/plugin-proposal-async-generator-functions@^7.0.0
│  ├─ @babel/plugin-proposal-class-properties@^7.0.0
│  ├─ @babel/plugin-proposal-export-default-from@^7.0.0
│  ├─ @babel/plugin-proposal-nullish-coalescing-operator@^7.0.0
│  ├─ @babel/plugin-proposal-object-rest-spread@^7.0.0
│  ├─ @babel/plugin-proposal-optional-catch-binding@^7.0.0
│  ├─ @babel/plugin-proposal-optional-chaining@^7.0.0
│  ├─ @babel/plugin-syntax-dynamic-import@^7.0.0
│  ├─ @babel/plugin-syntax-export-default-from@^7.0.0
│  ├─ @babel/plugin-syntax-flow@^7.2.0
│  ├─ @babel/plugin-syntax-nullish-coalescing-operator@^7.0.0
│  ├─ @babel/plugin-syntax-optional-chaining@^7.0.0
│  ├─ @babel/plugin-transform-arrow-functions@^7.0.0
│  ├─ @babel/plugin-transform-async-to-generator@^7.0.0
│  ├─ @babel/plugin-transform-block-scoping@^7.0.0
│  ├─ @babel/plugin-transform-classes@^7.0.0
│  ├─ @babel/plugin-transform-computed-properties@^7.0.0
│  ├─ @babel/plugin-transform-destructuring@^7.0.0
│  ├─ @babel/plugin-transform-exponentiation-operator@^7.0.0
│  ├─ @babel/plugin-transform-flow-strip-types@^7.0.0
│  ├─ @babel/plugin-transform-function-name@^7.0.0
│  ├─ @babel/plugin-transform-literals@^7.0.0
│  ├─ @babel/plugin-transform-modules-commonjs@^7.0.0
│  ├─ @babel/plugin-transform-named-capturing-groups-regex@^7.0.0
│  ├─ @babel/plugin-transform-parameters@^7.0.0
│  ├─ @babel/plugin-transform-react-display-name@^7.0.0
│  ├─ @babel/plugin-transform-react-jsx-self@^7.0.0
│  ├─ @babel/plugin-transform-react-jsx-source@^7.0.0
│  ├─ @babel/plugin-transform-react-jsx@^7.0.0
│  ├─ @babel/plugin-transform-runtime@^7.0.0
│  ├─ @babel/plugin-transform-shorthand-properties@^7.0.0
│  ├─ @babel/plugin-transform-spread@^7.0.0
│  ├─ @babel/plugin-transform-sticky-regex@^7.0.0
│  ├─ @babel/plugin-transform-template-literals@^7.0.0
│  ├─ @babel/plugin-transform-typescript@^7.5.0
│  ├─ @babel/plugin-transform-unicode-regex@^7.0.0
│  ├─ @babel/template@^7.0.0
│  └─ react-refresh@^0.4.0
├─ metro-react-native-babel-transformer@0.72.3
│  ├─ @babel/core@^7.14.0
│  ├─ babel-preset-fbjs@^3.4.0
│  ├─ hermes-parser@0.8.0
│  ├─ metro-babel-transformer@0.72.3
│  ├─ metro-react-native-babel-preset@0.72.3
│  ├─ metro-source-map@0.72.3
│  └─ nullthrows@^1.1.1
├─ metro-resolver@0.72.3
│  └─ absolute-path@^0.0.0
├─ metro-runtime@0.72.3
│  ├─ @babel/runtime@^7.0.0
│  └─ react-refresh@^0.4.0
├─ metro-source-map@0.72.3
│  ├─ @babel/traverse@^7.14.0
│  ├─ @babel/types@^7.0.0
│  ├─ invariant@^2.2.4
│  ├─ metro-symbolicate@0.72.3
│  ├─ nullthrows@^1.1.1
│  ├─ ob1@0.72.3
│  ├─ source-map@^0.5.6
│  ├─ source-map@0.5.7
│  └─ vlq@^1.0.0
├─ metro-symbolicate@0.72.3
│  ├─ invariant@^2.2.4
│  ├─ metro-source-map@0.72.3
│  ├─ nullthrows@^1.1.1
│  ├─ source-map@^0.5.6
│  ├─ source-map@0.5.7
│  ├─ through2@^2.0.1
│  └─ vlq@^1.0.0
├─ metro-transform-plugins@0.72.3
│  ├─ @babel/core@^7.14.0
│  ├─ @babel/generator@^7.14.0
│  ├─ @babel/template@^7.0.0
│  ├─ @babel/traverse@^7.14.0
│  └─ nullthrows@^1.1.1
├─ metro-transform-worker@0.72.3
│  ├─ @babel/core@^7.14.0
│  ├─ @babel/generator@^7.14.0
│  ├─ @babel/parser@^7.14.0
│  ├─ @babel/types@^7.0.0
│  ├─ babel-preset-fbjs@^3.4.0
│  ├─ metro-babel-transformer@0.72.3
│  ├─ metro-cache-key@0.72.3
│  ├─ metro-cache@0.72.3
│  ├─ metro-hermes-compiler@0.72.3
│  ├─ metro-source-map@0.72.3
│  ├─ metro-transform-plugins@0.72.3
│  ├─ metro@0.72.3
│  └─ nullthrows@^1.1.1
├─ metro@0.72.3
│  ├─ @babel/code-frame@^7.0.0
│  ├─ @babel/core@^7.14.0
│  ├─ @babel/generator@^7.14.0
│  ├─ @babel/parser@^7.14.0
│  ├─ @babel/template@^7.0.0
│  ├─ @babel/traverse@^7.14.0
│  ├─ @babel/types@^7.0.0
│  ├─ absolute-path@^0.0.0
│  ├─ accepts@^1.3.7
│  ├─ async@^3.2.2
│  ├─ chalk@^4.0.0
│  ├─ ci-info@^2.0.0
│  ├─ connect@^3.6.5
│  ├─ debug@^2.2.0
│  ├─ debug@2.6.9
│  │  └─ ms@2.0.0
│  ├─ denodeify@^1.2.1
│  ├─ error-stack-parser@^2.0.6
│  ├─ fs-extra@^1.0.0
│  ├─ fs-extra@1.0.0
│  │  ├─ graceful-fs@^4.1.2
│  │  ├─ jsonfile@^2.1.0
│  │  └─ klaw@^1.0.0
│  ├─ graceful-fs@^4.2.4
│  ├─ hermes-parser@0.8.0
│  ├─ image-size@^0.6.0
│  ├─ invariant@^2.2.4
│  ├─ jest-worker@^27.2.0
│  ├─ jest-worker@27.5.1
│  │  ├─ @types/node@*
│  │  ├─ merge-stream@^2.0.0
│  │  └─ supports-color@^8.0.0
│  ├─ jsonfile@2.4.0
│  │  └─ graceful-fs@^4.1.6
│  ├─ lodash.throttle@^4.1.1
│  ├─ metro-babel-transformer@0.72.3
│  ├─ metro-cache-key@0.72.3
│  ├─ metro-cache@0.72.3
│  ├─ metro-config@0.72.3
│  ├─ metro-core@0.72.3
│  ├─ metro-file-map@0.72.3
│  ├─ metro-hermes-compiler@0.72.3
│  ├─ metro-inspector-proxy@0.72.3
│  ├─ metro-minify-uglify@0.72.3
│  ├─ metro-react-native-babel-preset@0.72.3
│  ├─ metro-resolver@0.72.3
│  ├─ metro-runtime@0.72.3
│  ├─ metro-source-map@0.72.3
│  ├─ metro-symbolicate@0.72.3
│  ├─ metro-transform-plugins@0.72.3
│  ├─ metro-transform-worker@0.72.3
│  ├─ mime-types@^2.1.27
│  ├─ ms@2.0.0
│  ├─ node-fetch@^2.2.0
│  ├─ nullthrows@^1.1.1
│  ├─ rimraf@^2.5.4
│  ├─ serialize-error@^2.1.0
│  ├─ source-map@^0.5.6
│  ├─ source-map@0.5.7
│  ├─ strip-ansi@^6.0.0
│  ├─ supports-color@8.1.1
│  │  └─ has-flag@^4.0.0
│  ├─ temp@0.8.3
│  ├─ temp@0.8.3
│  │  ├─ os-tmpdir@^1.0.0
│  │  ├─ rimraf@~2.2.6
│  │  └─ rimraf@2.2.8
│  ├─ throat@^5.0.0
│  ├─ ws@^7.5.1
│  └─ yargs@^15.3.1
├─ micromatch@4.0.5
│  ├─ braces@^3.0.2
│  └─ picomatch@^2.3.1
├─ mime-db@1.52.0
├─ mime-types@2.1.35
│  └─ mime-db@1.52.0
├─ mime@2.6.0
├─ mimic-fn@2.1.0
├─ minimatch@3.1.2
│  └─ brace-expansion@^1.1.7
├─ minimist@1.2.8
├─ mixin-deep@1.3.2
│  ├─ for-in@^1.0.2
│  ├─ is-extendable@^1.0.1
│  └─ is-extendable@1.0.1
│     └─ is-plain-object@^2.0.4
├─ mkdirp@0.5.6
│  └─ minimist@^1.2.6
├─ ms@2.1.3
├─ nanoid@3.3.6
├─ nanomatch@1.2.13
│  ├─ arr-diff@^4.0.0
│  ├─ array-unique@^0.3.2
│  ├─ define-property@^2.0.2
│  ├─ define-property@2.0.2
│  │  ├─ is-descriptor@^1.0.2
│  │  └─ isobject@^3.0.1
│  ├─ extend-shallow@^3.0.2
│  ├─ extend-shallow@3.0.2
│  │  ├─ assign-symbols@^1.0.0
│  │  └─ is-extendable@^1.0.1
│  ├─ fragment-cache@^0.2.1
│  ├─ is-extendable@1.0.1
│  │  └─ is-plain-object@^2.0.4
│  ├─ is-windows@^1.0.2
│  ├─ kind-of@^6.0.2
│  ├─ object.pick@^1.3.0
│  ├─ regex-not@^1.0.0
│  ├─ snapdragon@^0.8.1
│  └─ to-regex@^3.0.1
├─ natural-compare-lite@1.4.0
├─ natural-compare@1.4.0
├─ negotiator@0.6.3
├─ neo-async@2.6.2
├─ nice-try@1.0.5
├─ nocache@3.0.4
├─ node-dir@0.1.17
│  └─ minimatch@^3.0.2
├─ node-fetch@2.6.9
│  ├─ tr46@0.0.3
│  ├─ webidl-conversions@3.0.1
│  ├─ whatwg-url@^5.0.0
│  └─ whatwg-url@5.0.0
│     ├─ tr46@~0.0.3
│     └─ webidl-conversions@^3.0.0
├─ node-int64@0.4.0
├─ node-notifier@8.0.2
│  ├─ growly@^1.3.0
│  ├─ is-wsl@^2.2.0
│  ├─ is-wsl@2.2.0
│  │  └─ is-docker@^2.0.0
│  ├─ lru-cache@6.0.0
│  │  └─ yallist@^4.0.0
│  ├─ semver@^7.3.2
│  ├─ semver@7.5.0
│  │  └─ lru-cache@^6.0.0
│  ├─ shellwords@^0.1.1
│  ├─ uuid@^8.3.0
│  ├─ uuid@8.3.2
│  ├─ which@^2.0.2
│  └─ yallist@4.0.0
├─ node-releases@2.0.10
├─ node-stream-zip@1.15.0
├─ normalize-package-data@2.5.0
│  ├─ hosted-git-info@^2.1.4
│  ├─ resolve@^1.10.0
│  ├─ semver@2 || 3 || 4 || 5
│  ├─ semver@5.7.1
│  └─ validate-npm-package-license@^3.0.1
├─ normalize-path@3.0.0
├─ npm-run-path@2.0.2
│  └─ path-key@^2.0.0
├─ nullthrows@1.1.1
├─ nwsapi@2.2.4
├─ ob1@0.72.3
├─ object-assign@4.1.1
├─ object-copy@0.1.0
│  ├─ copy-descriptor@^0.1.0
│  ├─ define-property@^0.2.5
│  ├─ kind-of@^3.0.3
│  └─ kind-of@3.2.2
│     └─ is-buffer@^1.1.5
├─ object-inspect@1.12.3
├─ object-keys@1.1.1
├─ object-visit@1.0.1
│  └─ isobject@^3.0.0
├─ object.assign@4.1.4
│  ├─ call-bind@^1.0.2
│  ├─ define-properties@^1.1.4
│  ├─ has-symbols@^1.0.3
│  └─ object-keys@^1.1.1
├─ object.entries@1.1.6
│  ├─ call-bind@^1.0.2
│  ├─ define-properties@^1.1.4
│  └─ es-abstract@^1.20.4
├─ object.fromentries@2.0.6
│  ├─ call-bind@^1.0.2
│  ├─ define-properties@^1.1.4
│  └─ es-abstract@^1.20.4
├─ object.hasown@1.1.2
│  ├─ define-properties@^1.1.4
│  └─ es-abstract@^1.20.4
├─ object.pick@1.3.0
│  └─ isobject@^3.0.1
├─ object.values@1.1.6
│  ├─ call-bind@^1.0.2
│  ├─ define-properties@^1.1.4
│  └─ es-abstract@^1.20.4
├─ on-finished@2.4.1
│  └─ ee-first@1.1.1
├─ on-headers@1.0.2
├─ once@1.4.0
│  └─ wrappy@1
├─ onetime@5.1.2
│  └─ mimic-fn@^2.1.0
├─ open@6.4.0
│  └─ is-wsl@^1.1.0
├─ optionator@0.9.1
│  ├─ deep-is@^0.1.3
│  ├─ fast-levenshtein@^2.0.6
│  ├─ levn@^0.4.1
│  ├─ prelude-ls@^1.2.1
│  ├─ prelude-ls@1.2.1
│  ├─ type-check@^0.4.0
│  ├─ type-check@0.4.0
│  │  └─ prelude-ls@^1.2.1
│  └─ word-wrap@^1.2.3
├─ ora@5.4.1
│  ├─ bl@^4.1.0
│  ├─ chalk@^4.1.0
│  ├─ cli-cursor@^3.1.0
│  ├─ cli-spinners@^2.5.0
│  ├─ is-interactive@^1.0.0
│  ├─ is-unicode-supported@^0.1.0
│  ├─ log-symbols@^4.1.0
│  ├─ strip-ansi@^6.0.0
│  └─ wcwidth@^1.0.1
├─ os-tmpdir@1.0.2
├─ p-each-series@2.2.0
├─ p-finally@1.0.0
├─ p-limit@2.3.0
│  └─ p-try@^2.0.0
├─ p-locate@4.1.0
│  └─ p-limit@^2.2.0
├─ p-try@2.2.0
├─ parent-module@1.0.1
│  └─ callsites@^3.0.0
├─ parse-json@4.0.0
│  ├─ error-ex@^1.3.1
│  └─ json-parse-better-errors@^1.0.1
├─ parse5@6.0.1
├─ parseurl@1.3.3
├─ pascalcase@0.1.1
├─ path-exists@4.0.0
├─ path-is-absolute@1.0.1
├─ path-key@2.0.1
├─ path-parse@1.0.7
├─ path-type@4.0.0
├─ picocolors@1.0.0
├─ picomatch@2.3.1
├─ pify@4.0.1
├─ pirates@4.0.5
├─ pkg-dir@4.2.0
│  └─ find-up@^4.0.0
├─ posix-character-classes@0.1.1
├─ prelude-ls@1.1.2
├─ prettier-linter-helpers@1.0.0
│  └─ fast-diff@^1.1.2
├─ prettier@2.8.8
├─ pretty-format@26.6.2
│  ├─ @jest/types@^26.6.2
│  ├─ ansi-regex@^5.0.0
│  ├─ ansi-styles@^4.0.0
│  ├─ react-is@^17.0.1
│  └─ react-is@17.0.2
├─ process-nextick-args@2.0.1
├─ progress@2.0.3
├─ promise@8.3.0
│  └─ asap@~2.0.6
├─ prompts@2.4.2
│  ├─ kleur@^3.0.3
│  └─ sisteransi@^1.0.5
├─ prop-types@15.8.1
│  ├─ loose-envify@^1.4.0
│  ├─ object-assign@^4.1.1
│  └─ react-is@^16.13.1
├─ psl@1.9.0
├─ pump@3.0.0
│  ├─ end-of-stream@^1.1.0
│  └─ once@^1.3.1
├─ punycode@2.3.0
├─ query-string@7.1.3
│  ├─ decode-uri-component@^0.2.2
│  ├─ filter-obj@^1.1.0
│  ├─ split-on-first@^1.0.0
│  └─ strict-uri-encode@^2.0.0
├─ querystringify@2.2.0
├─ queue-microtask@1.2.3
├─ range-parser@1.2.1
├─ react-devtools-core@4.24.0
│  ├─ shell-quote@^1.6.1
│  └─ ws@^7
├─ react-freeze@1.0.3
├─ react-is@16.13.1
├─ react-native-audio-recorder-player@3.5.3
│  ├─ dooboolab-welcome@^1.3.2
│  └─ react-native-audio-recorder-player@^3.5.1
├─ react-native-chat-sdk@1.1.2-beta.2
├─ react-native-chat-uikit@0.1.1-beta.0
│  ├─ @react-native-async-storage/async-storage@^1.17.11
│  ├─ @react-native-camera-roll/camera-roll@^5.2.0
│  ├─ @react-native-clipboard/clipboard@^1.11.1
│  ├─ @react-native-firebase/messaging@^16.5.0
│  ├─ date-fns@^2.29.3
│  ├─ eslint-config-satya164@^3.1.11
│  ├─ react-native-audio-recorder-player@^3.5.1
│  ├─ react-native-chat-sdk@1.1.2-beta.2
│  ├─ react-native-create-thumbnail@^1.6.3
│  ├─ react-native-document-picker@^8.1.3
│  ├─ react-native-fast-image@^8.6.3
│  ├─ react-native-file-access@^2.5.2
│  ├─ react-native-fs@^2.20.0
│  ├─ react-native-gesture-handler@^2.8.0
│  ├─ react-native-image-picker@^4.10.3
│  ├─ react-native-pager-view@^6.1.1
│  ├─ react-native-paper@^4.12.5
│  ├─ react-native-permissions@^3.6.1
│  ├─ react-native-safe-area-context@^4.4.1
│  ├─ react-native-screens@^3.18.2
│  ├─ react-native-tab-view@^3.3.0
│  ├─ react-native-vector-icons@^9.2.0
│  ├─ react-native-video@^5.2.1
│  ├─ twemoji@^14.0.2
│  └─ uuid@^9.0.0
├─ react-native-codegen@0.70.6
│  ├─ @babel/parser@^7.14.0
│  ├─ flow-parser@^0.121.0
│  ├─ jscodeshift@^0.13.1
│  └─ nullthrows@^1.1.1
├─ react-native-create-thumbnail@1.6.4
├─ react-native-document-picker@8.2.0
│  └─ invariant@^2.2.4
├─ react-native-fast-image@8.6.3
├─ react-native-file-access@2.6.0
├─ react-native-fs@2.20.0
│  ├─ base-64@^0.1.0
│  └─ utf8@^3.0.0
├─ react-native-gesture-handler@2.9.0
│  ├─ @egjs/hammerjs@^2.0.17
│  ├─ hoist-non-react-statics@^3.3.0
│  ├─ invariant@^2.2.4
│  ├─ lodash@^4.17.21
│  └─ prop-types@^15.7.2
├─ react-native-gradle-plugin@0.70.3
├─ react-native-image-picker@4.10.3
├─ react-native-iphone-x-helper@1.3.1
├─ react-native-pager-view@6.2.0
├─ react-native-paper@4.12.5
│  ├─ @callstack/react-theme-provider@^3.0.7
│  ├─ color@^3.1.2
│  └─ react-native-iphone-x-helper@^1.3.1
├─ react-native-permissions@3.8.0
│  ├─ find-up@5.0.0
│  │  ├─ locate-path@^6.0.0
│  │  └─ path-exists@^4.0.0
│  ├─ locate-path@6.0.0
│  │  └─ p-locate@^5.0.0
│  ├─ p-limit@3.1.0
│  │  └─ yocto-queue@^0.1.0
│  ├─ p-locate@5.0.0
│  │  └─ p-limit@^3.0.2
│  ├─ picocolors@^1.0.0
│  ├─ pkg-dir@^5.0.0
│  └─ pkg-dir@5.0.0
│     └─ find-up@^5.0.0
├─ react-native-safe-area-context@4.5.1
├─ react-native-screens@3.20.0
│  ├─ react-freeze@^1.0.0
│  └─ warn-once@^0.1.0
├─ react-native-tab-view@3.5.1
│  └─ use-latest-callback@^0.1.5
├─ react-native-vector-icons@9.2.0
│  ├─ cliui@7.0.4
│  │  ├─ string-width@^4.2.0
│  │  ├─ strip-ansi@^6.0.0
│  │  └─ wrap-ansi@^7.0.0
│  ├─ prop-types@^15.7.2
│  ├─ wrap-ansi@7.0.0
│  │  ├─ ansi-styles@^4.0.0
│  │  ├─ string-width@^4.1.0
│  │  └─ strip-ansi@^6.0.0
│  ├─ y18n@5.0.8
│  ├─ yargs-parser@20.2.9
│  ├─ yargs@^16.1.1
│  └─ yargs@16.2.0
│     ├─ cliui@^7.0.2
│     ├─ escalade@^3.1.1
│     ├─ get-caller-file@^2.0.5
│     ├─ require-directory@^2.1.1
│     ├─ string-width@^4.2.0
│     ├─ y18n@^5.0.5
│     └─ yargs-parser@^20.2.2
├─ react-native-video@5.2.1
│  ├─ deprecated-react-native-prop-types@^2.2.0
│  ├─ keymirror@^0.1.1
│  ├─ prop-types@^15.7.2
│  └─ shaka-player@^2.5.9
├─ react-native@0.70.6
│  ├─ @jest/create-cache-key-function@^27.0.1
│  ├─ @react-native-community/cli-platform-android@9.3.1
│  ├─ @react-native-community/cli-platform-ios@9.3.0
│  ├─ @react-native-community/cli@9.3.2
│  ├─ @react-native/assets@1.0.0
│  ├─ @react-native/normalize-color@2.0.0
│  ├─ @react-native/polyfills@2.0.0
│  ├─ abort-controller@^3.0.0
│  ├─ anser@^1.4.9
│  ├─ base64-js@^1.1.2
│  ├─ event-target-shim@^5.0.1
│  ├─ invariant@^2.2.4
│  ├─ jsc-android@^250230.2.1
│  ├─ memoize-one@^5.0.0
│  ├─ metro-react-native-babel-transformer@0.72.3
│  ├─ metro-runtime@0.72.3
│  ├─ metro-source-map@0.72.3
│  ├─ mkdirp@^0.5.1
│  ├─ nullthrows@^1.1.1
│  ├─ pretty-format@^26.5.2
│  ├─ promise@^8.3.0
│  ├─ react-devtools-core@4.24.0
│  ├─ react-native-codegen@^0.70.6
│  ├─ react-native-gradle-plugin@^0.70.3
│  ├─ react-refresh@^0.4.0
│  ├─ react-shallow-renderer@^16.15.0
│  ├─ regenerator-runtime@^0.13.2
│  ├─ scheduler@^0.22.0
│  ├─ stacktrace-parser@^0.1.3
│  ├─ use-sync-external-store@^1.0.0
│  ├─ whatwg-fetch@^3.0.0
│  ├─ ws@^6.1.4
│  └─ ws@6.2.2
│     └─ async-limiter@~1.0.0
├─ react-refresh@0.4.3
├─ react-shallow-renderer@16.15.0
│  ├─ object-assign@^4.1.1
│  ├─ react-is@^16.12.0 || ^17.0.0 || ^18.0.0
│  └─ react-is@18.2.0
├─ react-test-renderer@18.1.0
│  ├─ react-is@^18.1.0
│  ├─ react-is@18.2.0
│  ├─ react-shallow-renderer@^16.15.0
│  └─ scheduler@^0.22.0
├─ react@18.1.0
│  └─ loose-envify@^1.1.0
├─ read-pkg-up@7.0.1
│  ├─ find-up@^4.1.0
│  ├─ read-pkg@^5.2.0
│  ├─ type-fest@^0.8.1
│  └─ type-fest@0.8.1
├─ read-pkg@5.2.0
│  ├─ @types/normalize-package-data@^2.4.0
│  ├─ normalize-package-data@^2.5.0
│  ├─ parse-json@^5.0.0
│  ├─ parse-json@5.2.0
│  │  ├─ @babel/code-frame@^7.0.0
│  │  ├─ error-ex@^1.3.1
│  │  ├─ json-parse-even-better-errors@^2.3.0
│  │  └─ lines-and-columns@^1.1.6
│  ├─ type-fest@^0.6.0
│  └─ type-fest@0.6.0
├─ readable-stream@3.6.2
│  ├─ inherits@^2.0.3
│  ├─ string_decoder@^1.1.1
│  └─ util-deprecate@^1.0.1
├─ readline@1.3.0
├─ recast@0.20.5
│  ├─ ast-types@0.14.2
│  ├─ esprima@~4.0.0
│  ├─ source-map@~0.6.1
│  └─ tslib@^2.0.1
├─ regenerate-unicode-properties@10.1.0
│  └─ regenerate@^1.4.2
├─ regenerate@1.4.2
├─ regenerator-runtime@0.13.11
├─ regex-not@1.0.2
│  ├─ extend-shallow@^3.0.2
│  ├─ extend-shallow@3.0.2
│  │  ├─ assign-symbols@^1.0.0
│  │  └─ is-extendable@^1.0.1
│  ├─ is-extendable@1.0.1
│  │  └─ is-plain-object@^2.0.4
│  └─ safe-regex@^1.1.0
├─ regexp.prototype.flags@1.5.0
│  ├─ call-bind@^1.0.2
│  ├─ define-properties@^1.2.0
│  └─ functions-have-names@^1.2.3
├─ regexpp@3.2.0
├─ regexpu-core@5.3.2
│  ├─ @babel/regjsgen@^0.8.0
│  ├─ regenerate-unicode-properties@^10.1.0
│  ├─ regenerate@^1.4.2
│  ├─ regjsparser@^0.9.1
│  ├─ unicode-match-property-ecmascript@^2.0.0
│  └─ unicode-match-property-value-ecmascript@^2.1.0
├─ regjsparser@0.9.1
│  ├─ jsesc@~0.5.0
│  └─ jsesc@0.5.0
├─ remove-trailing-separator@1.1.0
├─ repeat-element@1.1.4
├─ repeat-string@1.6.1
├─ require-directory@2.1.1
├─ require-from-string@2.0.2
├─ require-main-filename@2.0.0
├─ requires-port@1.0.0
├─ resolve-cwd@3.0.0
│  └─ resolve-from@^5.0.0
├─ resolve-from@5.0.0
├─ resolve-url@0.2.1
├─ resolve@1.22.2
│  ├─ is-core-module@^2.11.0
│  ├─ path-parse@^1.0.7
│  └─ supports-preserve-symlinks-flag@^1.0.0
├─ restore-cursor@3.1.0
│  ├─ onetime@^5.1.0
│  └─ signal-exit@^3.0.2
├─ ret@0.1.15
├─ reusify@1.0.4
├─ rimraf@2.7.1
│  └─ glob@^7.1.3
├─ rsvp@4.8.5
├─ run-parallel@1.2.0
│  └─ queue-microtask@^1.2.2
├─ safe-buffer@5.1.2
├─ safe-regex-test@1.0.0
│  ├─ call-bind@^1.0.2
│  ├─ get-intrinsic@^1.1.3
│  └─ is-regex@^1.1.4
├─ safe-regex@1.1.0
│  └─ ret@~0.1.10
├─ safer-buffer@2.1.2
├─ sane@4.1.0
│  ├─ @cnakazawa/watch@^1.0.3
│  ├─ anymatch@^2.0.0
│  ├─ anymatch@2.0.0
│  │  ├─ micromatch@^3.1.4
│  │  └─ normalize-path@^2.1.1
│  ├─ braces@2.3.2
│  │  ├─ arr-flatten@^1.1.0
│  │  ├─ array-unique@^0.3.2
│  │  ├─ extend-shallow@^2.0.1
│  │  ├─ extend-shallow@2.0.1
│  │  │  └─ is-extendable@^0.1.0
│  │  ├─ fill-range@^4.0.0
│  │  ├─ is-extendable@0.1.1
│  │  ├─ isobject@^3.0.1
│  │  ├─ repeat-element@^1.1.2
│  │  ├─ snapdragon-node@^2.0.1
│  │  ├─ snapdragon@^0.8.1
│  │  ├─ split-string@^3.0.2
│  │  └─ to-regex@^3.0.1
│  ├─ capture-exit@^2.0.0
│  ├─ define-property@2.0.2
│  │  ├─ is-descriptor@^1.0.2
│  │  └─ isobject@^3.0.1
│  ├─ exec-sh@^0.3.2
│  ├─ execa@^1.0.0
│  ├─ extend-shallow@3.0.2
│  │  ├─ assign-symbols@^1.0.0
│  │  └─ is-extendable@^1.0.1
│  ├─ fb-watchman@^2.0.0
│  ├─ fill-range@4.0.0
│  │  ├─ extend-shallow@^2.0.1
│  │  ├─ extend-shallow@2.0.1
│  │  │  └─ is-extendable@^0.1.0
│  │  ├─ is-extendable@0.1.1
│  │  ├─ is-number@^3.0.0
│  │  ├─ repeat-string@^1.6.1
│  │  └─ to-regex-range@^2.1.0
│  ├─ is-extendable@1.0.1
│  │  └─ is-plain-object@^2.0.4
│  ├─ micromatch@^3.1.4
│  ├─ micromatch@3.1.10
│  │  ├─ arr-diff@^4.0.0
│  │  ├─ array-unique@^0.3.2
│  │  ├─ braces@^2.3.1
│  │  ├─ define-property@^2.0.2
│  │  ├─ extend-shallow@^3.0.2
│  │  ├─ extglob@^2.0.4
│  │  ├─ fragment-cache@^0.2.1
│  │  ├─ kind-of@^6.0.2
│  │  ├─ nanomatch@^1.2.9
│  │  ├─ object.pick@^1.3.0
│  │  ├─ regex-not@^1.0.0
│  │  ├─ snapdragon@^0.8.1
│  │  └─ to-regex@^3.0.2
│  ├─ minimist@^1.1.1
│  ├─ normalize-path@2.1.1
│  │  └─ remove-trailing-separator@^1.0.1
│  ├─ to-regex-range@2.1.1
│  │  ├─ is-number@^3.0.0
│  │  └─ repeat-string@^1.6.1
│  └─ walker@~1.0.5
├─ saxes@5.0.1
│  └─ xmlchars@^2.2.0
├─ scheduler@0.22.0
│  └─ loose-envify@^1.1.0
├─ semver@6.3.0
├─ send@0.18.0
│  ├─ debug@2.6.9
│  ├─ debug@2.6.9
│  │  ├─ ms@2.0.0
│  │  └─ ms@2.0.0
│  ├─ depd@2.0.0
│  ├─ destroy@1.2.0
│  ├─ encodeurl@~1.0.2
│  ├─ escape-html@~1.0.3
│  ├─ etag@~1.8.1
│  ├─ fresh@0.5.2
│  ├─ http-errors@2.0.0
│  ├─ mime@1.6.0
│  ├─ mime@1.6.0
│  ├─ ms@2.1.3
│  ├─ on-finished@2.4.1
│  ├─ range-parser@~1.2.1
│  └─ statuses@2.0.1
├─ serialize-error@2.1.0
├─ serve-static@1.15.0
│  ├─ encodeurl@~1.0.2
│  ├─ escape-html@~1.0.3
│  ├─ parseurl@~1.3.3
│  └─ send@0.18.0
├─ set-blocking@2.0.0
├─ set-value@2.0.1
│  ├─ extend-shallow@^2.0.1
│  ├─ is-extendable@^0.1.1
│  ├─ is-plain-object@^2.0.3
│  └─ split-string@^3.0.1
├─ setprototypeof@1.2.0
├─ shaka-player@2.5.23
│  └─ eme-encryption-scheme-polyfill@^2.0.1
├─ shallow-clone@3.0.1
│  └─ kind-of@^6.0.2
├─ shebang-command@2.0.0
│  └─ shebang-regex@^3.0.0
├─ shebang-regex@3.0.0
├─ shell-quote@1.8.1
├─ shellwords@0.1.1
├─ side-channel@1.0.4
│  ├─ call-bind@^1.0.0
│  ├─ get-intrinsic@^1.0.2
│  └─ object-inspect@^1.9.0
├─ signal-exit@3.0.7
├─ simple-swizzle@0.2.2
│  └─ is-arrayish@^0.3.1
├─ sisteransi@1.0.5
├─ slash@3.0.0
├─ slice-ansi@4.0.0
│  ├─ ansi-styles@^4.0.0
│  ├─ astral-regex@^2.0.0
│  └─ is-fullwidth-code-point@^3.0.0
├─ snapdragon-node@2.1.1
│  ├─ define-property@^1.0.0
│  ├─ define-property@1.0.0
│  │  └─ is-descriptor@^1.0.0
│  ├─ isobject@^3.0.0
│  └─ snapdragon-util@^3.0.1
├─ snapdragon-util@3.0.1
│  ├─ kind-of@^3.2.0
│  └─ kind-of@3.2.2
│     └─ is-buffer@^1.1.5
├─ snapdragon@0.8.2
│  ├─ base@^0.11.1
│  ├─ debug@^2.2.0
│  ├─ debug@2.6.9
│  │  └─ ms@2.0.0
│  ├─ define-property@^0.2.5
│  ├─ extend-shallow@^2.0.1
│  ├─ map-cache@^0.2.2
│  ├─ ms@2.0.0
│  ├─ source-map-resolve@^0.5.0
│  ├─ source-map@^0.5.6
│  ├─ source-map@0.5.7
│  └─ use@^3.1.0
├─ source-map-resolve@0.5.3
│  ├─ atob@^2.1.2
│  ├─ decode-uri-component@^0.2.0
│  ├─ resolve-url@^0.2.1
│  ├─ source-map-url@^0.4.0
│  └─ urix@^0.1.0
├─ source-map-support@0.5.21
│  ├─ buffer-from@^1.0.0
│  └─ source-map@^0.6.0
├─ source-map-url@0.4.1
├─ source-map@0.6.1
├─ spdx-correct@3.2.0
│  ├─ spdx-expression-parse@^3.0.0
│  └─ spdx-license-ids@^3.0.0
├─ spdx-exceptions@2.3.0
├─ spdx-expression-parse@3.0.1
│  ├─ spdx-exceptions@^2.1.0
│  └─ spdx-license-ids@^3.0.0
├─ spdx-license-ids@3.0.13
├─ split-on-first@1.1.0
├─ split-string@3.1.0
│  ├─ extend-shallow@^3.0.0
│  ├─ extend-shallow@3.0.2
│  │  ├─ assign-symbols@^1.0.0
│  │  └─ is-extendable@^1.0.1
│  └─ is-extendable@1.0.1
│     └─ is-plain-object@^2.0.4
├─ sprintf-js@1.0.3
├─ stack-utils@2.0.6
│  ├─ escape-string-regexp@^2.0.0
│  └─ escape-string-regexp@2.0.0
├─ stackframe@1.3.4
├─ stacktrace-parser@0.1.10
│  ├─ type-fest@^0.7.1
│  └─ type-fest@0.7.1
├─ static-extend@0.1.2
│  ├─ define-property@^0.2.5
│  └─ object-copy@^0.1.0
├─ statuses@2.0.1
├─ strict-uri-encode@2.0.0
├─ string_decoder@1.3.0
│  ├─ safe-buffer@~5.2.0
│  └─ safe-buffer@5.2.1
├─ string-length@4.0.2
│  ├─ char-regex@^1.0.2
│  └─ strip-ansi@^6.0.0
├─ string-natural-compare@3.0.1
├─ string-width@4.2.3
│  ├─ emoji-regex@^8.0.0
│  ├─ is-fullwidth-code-point@^3.0.0
│  └─ strip-ansi@^6.0.1
├─ string.prototype.matchall@4.0.8
│  ├─ call-bind@^1.0.2
│  ├─ define-properties@^1.1.4
│  ├─ es-abstract@^1.20.4
│  ├─ get-intrinsic@^1.1.3
│  ├─ has-symbols@^1.0.3
│  ├─ internal-slot@^1.0.3
│  ├─ regexp.prototype.flags@^1.4.3
│  └─ side-channel@^1.0.4
├─ string.prototype.trim@1.2.7
│  ├─ call-bind@^1.0.2
│  ├─ define-properties@^1.1.4
│  └─ es-abstract@^1.20.4
├─ string.prototype.trimend@1.0.6
│  ├─ call-bind@^1.0.2
│  ├─ define-properties@^1.1.4
│  └─ es-abstract@^1.20.4
├─ string.prototype.trimstart@1.0.6
│  ├─ call-bind@^1.0.2
│  ├─ define-properties@^1.1.4
│  └─ es-abstract@^1.20.4
├─ strip-ansi@6.0.1
│  └─ ansi-regex@^5.0.1
├─ strip-bom@4.0.0
├─ strip-eof@1.0.0
├─ strip-final-newline@2.0.0
├─ strip-json-comments@3.1.1
├─ sudo-prompt@9.2.1
├─ supports-color@7.2.0
│  └─ has-flag@^4.0.0
├─ supports-hyperlinks@2.3.0
│  ├─ has-flag@^4.0.0
│  └─ supports-color@^7.0.0
├─ supports-preserve-symlinks-flag@1.0.0
├─ symbol-tree@3.2.4
├─ table@6.8.1
│  ├─ ajv@^8.0.1
│  ├─ ajv@8.12.0
│  │  ├─ fast-deep-equal@^3.1.1
│  │  ├─ json-schema-traverse@^1.0.0
│  │  ├─ require-from-string@^2.0.2
│  │  └─ uri-js@^4.2.2
│  ├─ json-schema-traverse@1.0.0
│  ├─ lodash.truncate@^4.4.2
│  ├─ slice-ansi@^4.0.0
│  ├─ string-width@^4.2.3
│  └─ strip-ansi@^6.0.1
├─ temp@0.8.4
│  ├─ rimraf@~2.6.2
│  └─ rimraf@2.6.3
│     └─ glob@^7.1.3
├─ terminal-link@2.1.1
│  ├─ ansi-escapes@^4.2.1
│  └─ supports-hyperlinks@^2.0.0
├─ test-exclude@6.0.0
│  ├─ @istanbuljs/schema@^0.1.2
│  ├─ glob@^7.1.4
│  └─ minimatch@^3.0.4
├─ text-table@0.2.0
├─ throat@5.0.0
├─ through2@2.0.5
│  ├─ readable-stream@~2.3.6
│  ├─ readable-stream@2.3.8
│  │  ├─ core-util-is@~1.0.0
│  │  ├─ inherits@~2.0.3
│  │  ├─ isarray@~1.0.0
│  │  ├─ process-nextick-args@~2.0.0
│  │  ├─ safe-buffer@~5.1.1
│  │  ├─ string_decoder@~1.1.1
│  │  └─ util-deprecate@~1.0.1
│  ├─ string_decoder@1.1.1
│  │  └─ safe-buffer@~5.1.0
│  └─ xtend@~4.0.1
├─ tmpl@1.0.5
├─ to-fast-properties@2.0.0
├─ to-object-path@0.3.0
│  ├─ kind-of@^3.0.2
│  └─ kind-of@3.2.2
│     └─ is-buffer@^1.1.5
├─ to-regex-range@5.0.1
│  ├─ is-number@^7.0.0
│  └─ is-number@7.0.0
├─ to-regex@3.0.2
│  ├─ define-property@^2.0.2
│  ├─ define-property@2.0.2
│  │  ├─ is-descriptor@^1.0.2
│  │  └─ isobject@^3.0.1
│  ├─ extend-shallow@^3.0.2
│  ├─ extend-shallow@3.0.2
│  │  ├─ assign-symbols@^1.0.0
│  │  └─ is-extendable@^1.0.1
│  ├─ is-extendable@1.0.1
│  │  └─ is-plain-object@^2.0.4
│  ├─ regex-not@^1.0.2
│  └─ safe-regex@^1.1.0
├─ toidentifier@1.0.1
├─ tough-cookie@4.1.2
│  ├─ psl@^1.1.33
│  ├─ punycode@^2.1.1
│  ├─ universalify@^0.2.0
│  ├─ universalify@0.2.0
│  └─ url-parse@^1.5.3
├─ tr46@2.1.0
│  └─ punycode@^2.1.1
├─ tsconfig-paths@3.14.2
│  ├─ @types/json5@^0.0.29
│  ├─ json5@^1.0.2
│  ├─ json5@1.0.2
│  │  └─ minimist@^1.2.0
│  ├─ minimist@^1.2.6
│  ├─ strip-bom@^3.0.0
│  └─ strip-bom@3.0.0
├─ tslib@2.5.0
├─ tsutils@3.21.0
│  ├─ tslib@^1.8.1
│  └─ tslib@1.14.1
├─ twemoji-parser@14.0.0
├─ twemoji@14.0.2
│  ├─ fs-extra@^8.0.1
│  ├─ jsonfile@^5.0.0
│  ├─ jsonfile@5.0.0
│  │  ├─ graceful-fs@^4.1.6
│  │  └─ universalify@^0.1.2
│  ├─ twemoji-parser@14.0.0
│  └─ universalify@^0.1.2
├─ type-check@0.3.2
│  └─ prelude-ls@~1.1.2
├─ type-detect@4.0.8
├─ type-fest@0.20.2
├─ typed-array-length@1.0.4
│  ├─ call-bind@^1.0.2
│  ├─ for-each@^0.3.3
│  └─ is-typed-array@^1.1.9
├─ typedarray-to-buffer@3.1.5
│  └─ is-typedarray@^1.0.0
├─ typescript@4.9.5
├─ uglify-es@3.3.9
│  ├─ commander@~2.13.0
│  ├─ commander@2.13.0
│  └─ source-map@~0.6.1
├─ unbox-primitive@1.0.2
│  ├─ call-bind@^1.0.2
│  ├─ has-bigints@^1.0.2
│  ├─ has-symbols@^1.0.3
│  └─ which-boxed-primitive@^1.0.2
├─ unicode-canonical-property-names-ecmascript@2.0.0
├─ unicode-match-property-ecmascript@2.0.0
│  ├─ unicode-canonical-property-names-ecmascript@^2.0.0
│  └─ unicode-property-aliases-ecmascript@^2.0.0
├─ unicode-match-property-value-ecmascript@2.1.0
├─ unicode-property-aliases-ecmascript@2.1.0
├─ union-value@1.0.1
│  ├─ arr-union@^3.1.0
│  ├─ get-value@^2.0.6
│  ├─ is-extendable@^0.1.1
│  └─ set-value@^2.0.1
├─ universalify@0.1.2
├─ unpipe@1.0.0
├─ unset-value@1.0.0
│  ├─ has-value@^0.3.1
│  ├─ has-value@0.3.1
│  │  ├─ get-value@^2.0.3
│  │  ├─ has-values@^0.1.4
│  │  ├─ isobject@^2.0.0
│  │  └─ isobject@2.1.0
│  │     └─ isarray@1.0.0
│  ├─ has-values@0.1.4
│  └─ isobject@^3.0.0
├─ update-browserslist-db@1.0.11
│  ├─ escalade@^3.1.1
│  └─ picocolors@^1.0.0
├─ uri-js@4.4.1
│  └─ punycode@^2.1.0
├─ urix@0.1.0
├─ url-parse@1.5.10
│  ├─ querystringify@^2.1.1
│  └─ requires-port@^1.0.0
├─ use-latest-callback@0.1.6
├─ use-sync-external-store@1.2.0
├─ use@3.1.1
├─ utf8@3.0.0
├─ util-deprecate@1.0.2
├─ utils-merge@1.0.1
├─ uuid@9.0.0
├─ v8-compile-cache@2.3.0
├─ v8-to-istanbul@7.1.2
│  ├─ @types/istanbul-lib-coverage@^2.0.1
│  ├─ convert-source-map@^1.6.0
│  ├─ source-map@^0.7.3
│  └─ source-map@0.7.4
├─ validate-npm-package-license@3.0.4
│  ├─ spdx-correct@^3.0.0
│  └─ spdx-expression-parse@^3.0.0
├─ vary@1.1.2
├─ vlq@1.0.1
├─ w3c-hr-time@1.0.2
│  └─ browser-process-hrtime@^1.0.0
├─ w3c-xmlserializer@2.0.0
│  └─ xml-name-validator@^3.0.0
├─ walker@1.0.8
│  └─ makeerror@1.0.12
├─ warn-once@0.1.1
├─ wcwidth@1.0.1
│  └─ defaults@^1.0.3
├─ webidl-conversions@6.1.0
├─ whatwg-encoding@1.0.5
│  └─ iconv-lite@0.4.24
├─ whatwg-fetch@3.6.2
├─ whatwg-mimetype@2.3.0
├─ whatwg-url@8.7.0
│  ├─ lodash@^4.7.0
│  ├─ tr46@^2.1.0
│  └─ webidl-conversions@^6.1.0
├─ which-boxed-primitive@1.0.2
│  ├─ is-bigint@^1.0.1
│  ├─ is-boolean-object@^1.1.0
│  ├─ is-number-object@^1.0.4
│  ├─ is-string@^1.0.5
│  └─ is-symbol@^1.0.3
├─ which-module@2.0.1
├─ which-typed-array@1.1.9
│  ├─ available-typed-arrays@^1.0.5
│  ├─ call-bind@^1.0.2
│  ├─ for-each@^0.3.3
│  ├─ gopd@^1.0.1
│  ├─ has-tostringtag@^1.0.0
│  └─ is-typed-array@^1.1.10
├─ which@2.0.2
│  └─ isexe@^2.0.0
├─ word-wrap@1.2.3
├─ wrap-ansi@6.2.0
│  ├─ ansi-styles@^4.0.0
│  ├─ string-width@^4.1.0
│  └─ strip-ansi@^6.0.0
├─ wrappy@1.0.2
├─ write-file-atomic@3.0.3
│  ├─ imurmurhash@^0.1.4
│  ├─ is-typedarray@^1.0.0
│  ├─ signal-exit@^3.0.2
│  └─ typedarray-to-buffer@^3.1.5
├─ ws@7.5.9
├─ xml-name-validator@3.0.0
├─ xmlchars@2.2.0
├─ xtend@4.0.2
├─ y18n@4.0.3
├─ yallist@3.1.1
├─ yargs-parser@18.1.3
│  ├─ camelcase@^5.0.0
│  └─ decamelize@^1.2.0
├─ yargs@15.4.1
│  ├─ cliui@^6.0.0
│  ├─ decamelize@^1.2.0
│  ├─ find-up@^4.1.0
│  ├─ get-caller-file@^2.0.1
│  ├─ require-directory@^2.1.1
│  ├─ require-main-filename@^2.0.0
│  ├─ set-blocking@^2.0.0
│  ├─ string-width@^4.2.0
│  ├─ which-module@^2.0.0
│  ├─ y18n@^4.0.0
│  └─ yargs-parser@^18.1.2
└─ yocto-queue@0.1.0
Done in 0.30s.
